<?xml version="1.0" encoding="UTF-8"?>
<coverage generated="1509364029">
  <project timestamp="1509364029">
    <package name="Tardigrades\Command">
      <file name="/Users/Dion/www/sexy-field/sexy-field/src/Command/ApplicationCommand.php">
        <class name="ApplicationCommand" namespace="Tardigrades\Command">
          <metrics complexity="4" methods="1" coveredmethods="1" conditionals="0" coveredconditionals="0" statements="26" coveredstatements="26" elements="27" coveredelements="27"/>
        </class>
        <line num="27" type="method" name="renderTable" visibility="protected" complexity="4" crap="4" count="1"/>
        <line num="29" type="stmt" count="1"/>
        <line num="31" type="stmt" count="1"/>
        <line num="33" type="stmt" count="1"/>
        <line num="34" type="stmt" count="1"/>
        <line num="35" type="stmt" count="1"/>
        <line num="37" type="stmt" count="1"/>
        <line num="38" type="stmt" count="1"/>
        <line num="41" type="stmt" count="1"/>
        <line num="42" type="stmt" count="1"/>
        <line num="44" type="stmt" count="1"/>
        <line num="45" type="stmt" count="1"/>
        <line num="48" type="stmt" count="1"/>
        <line num="49" type="stmt" count="1"/>
        <line num="50" type="stmt" count="1"/>
        <line num="51" type="stmt" count="1"/>
        <line num="52" type="stmt" count="1"/>
        <line num="53" type="stmt" count="1"/>
        <line num="54" type="stmt" count="1"/>
        <line num="55" type="stmt" count="1"/>
        <line num="59" type="stmt" count="1"/>
        <line num="60" type="stmt" count="1"/>
        <line num="61" type="stmt" count="1"/>
        <line num="65" type="stmt" count="1"/>
        <line num="66" type="stmt" count="1"/>
        <line num="68" type="stmt" count="1"/>
        <line num="69" type="stmt" count="1"/>
        <metrics loc="70" ncloc="59" classes="1" methods="1" coveredmethods="1" conditionals="0" coveredconditionals="0" statements="26" coveredstatements="26" elements="27" coveredelements="27"/>
      </file>
      <file name="/Users/Dion/www/sexy-field/sexy-field/src/Command/CreateApplicationCommand.php">
        <class name="CreateApplicationCommand" namespace="Tardigrades\Command">
          <metrics complexity="4" methods="3" coveredmethods="3" conditionals="0" coveredconditionals="0" statements="15" coveredstatements="15" elements="18" coveredelements="18"/>
        </class>
        <line num="28" type="method" name="__construct" visibility="public" complexity="1" crap="1" count="2"/>
        <line num="31" type="stmt" count="2"/>
        <line num="33" type="stmt" count="2"/>
        <line num="34" type="stmt" count="2"/>
        <line num="36" type="method" name="configure" visibility="protected" complexity="1" crap="1" count="2"/>
        <line num="40" type="stmt" count="2"/>
        <line num="41" type="stmt" count="2"/>
        <line num="42" type="stmt" count="2"/>
        <line num="44" type="stmt" count="2"/>
        <line num="46" type="method" name="execute" visibility="protected" complexity="2" crap="2" count="2"/>
        <line num="48" type="stmt" count="2"/>
        <line num="51" type="stmt" count="2"/>
        <line num="52" type="stmt" count="2"/>
        <line num="54" type="stmt" count="1"/>
        <line num="55" type="stmt" count="1"/>
        <line num="56" type="stmt" count="1"/>
        <line num="57" type="stmt" count="1"/>
        <line num="59" type="stmt" count="2"/>
        <metrics loc="60" ncloc="47" classes="1" methods="3" coveredmethods="3" conditionals="0" coveredconditionals="0" statements="15" coveredstatements="15" elements="18" coveredelements="18"/>
      </file>
      <file name="/Users/Dion/www/sexy-field/sexy-field/src/Command/CreateFieldCommand.php">
        <class name="CreateFieldCommand" namespace="Tardigrades\Command">
          <metrics complexity="6" methods="3" coveredmethods="3" conditionals="0" coveredconditionals="0" statements="19" coveredstatements="19" elements="22" coveredelements="22"/>
        </class>
        <line num="29" type="method" name="__construct" visibility="public" complexity="1" crap="1" count="3"/>
        <line num="32" type="stmt" count="3"/>
        <line num="34" type="stmt" count="3"/>
        <line num="35" type="stmt" count="3"/>
        <line num="37" type="method" name="configure" visibility="protected" complexity="1" crap="1" count="3"/>
        <line num="40" type="stmt" count="3"/>
        <line num="41" type="stmt" count="3"/>
        <line num="42" type="stmt" count="3"/>
        <line num="44" type="stmt" count="3"/>
        <line num="46" type="method" name="execute" visibility="protected" complexity="4" crap="4" count="3"/>
        <line num="48" type="stmt" count="3"/>
        <line num="51" type="stmt" count="3"/>
        <line num="52" type="stmt" count="1"/>
        <line num="53" type="stmt" count="1"/>
        <line num="54" type="stmt" count="1"/>
        <line num="55" type="stmt" count="1"/>
        <line num="56" type="stmt" count="1"/>
        <line num="57" type="stmt" count="1"/>
        <line num="60" type="stmt" count="2"/>
        <line num="61" type="stmt" count="2"/>
        <line num="62" type="stmt" count="2"/>
        <line num="64" type="stmt" count="2"/>
        <metrics loc="65" ncloc="56" classes="1" methods="3" coveredmethods="3" conditionals="0" coveredconditionals="0" statements="19" coveredstatements="19" elements="22" coveredelements="22"/>
      </file>
      <file name="/Users/Dion/www/sexy-field/sexy-field/src/Command/CreateLanguageCommand.php">
        <class name="CreateLanguageCommand" namespace="Tardigrades\Command">
          <metrics complexity="4" methods="3" coveredmethods="3" conditionals="0" coveredconditionals="0" statements="15" coveredstatements="15" elements="18" coveredelements="18"/>
        </class>
        <line num="28" type="method" name="__construct" visibility="public" complexity="1" crap="1" count="2"/>
        <line num="31" type="stmt" count="2"/>
        <line num="33" type="stmt" count="2"/>
        <line num="34" type="stmt" count="2"/>
        <line num="36" type="method" name="configure" visibility="protected" complexity="1" crap="1" count="2"/>
        <line num="39" type="stmt" count="2"/>
        <line num="40" type="stmt" count="2"/>
        <line num="41" type="stmt" count="2"/>
        <line num="42" type="stmt" count="2"/>
        <line num="44" type="method" name="execute" visibility="protected" complexity="2" crap="2" count="2"/>
        <line num="46" type="stmt" count="2"/>
        <line num="49" type="stmt" count="2"/>
        <line num="50" type="stmt" count="2"/>
        <line num="52" type="stmt" count="1"/>
        <line num="53" type="stmt" count="1"/>
        <line num="54" type="stmt" count="1"/>
        <line num="55" type="stmt" count="1"/>
        <line num="57" type="stmt" count="2"/>
        <metrics loc="58" ncloc="49" classes="1" methods="3" coveredmethods="3" conditionals="0" coveredconditionals="0" statements="15" coveredstatements="15" elements="18" coveredelements="18"/>
      </file>
      <file name="/Users/Dion/www/sexy-field/sexy-field/src/Command/CreateSectionCommand.php">
        <class name="CreateSectionCommand" namespace="Tardigrades\Command">
          <metrics complexity="6" methods="3" coveredmethods="3" conditionals="0" coveredconditionals="0" statements="18" coveredstatements="18" elements="21" coveredelements="21"/>
        </class>
        <line num="25" type="method" name="__construct" visibility="public" complexity="1" crap="1" count="3"/>
        <line num="28" type="stmt" count="3"/>
        <line num="29" type="stmt" count="3"/>
        <line num="31" type="method" name="configure" visibility="protected" complexity="1" crap="1" count="3"/>
        <line num="35" type="stmt" count="3"/>
        <line num="36" type="stmt" count="3"/>
        <line num="37" type="stmt" count="3"/>
        <line num="40" type="stmt" count="3"/>
        <line num="42" type="method" name="execute" visibility="protected" complexity="4" crap="4" count="3"/>
        <line num="44" type="stmt" count="3"/>
        <line num="47" type="stmt" count="3"/>
        <line num="48" type="stmt" count="2"/>
        <line num="49" type="stmt" count="2"/>
        <line num="50" type="stmt" count="2"/>
        <line num="51" type="stmt" count="1"/>
        <line num="52" type="stmt" count="1"/>
        <line num="53" type="stmt" count="1"/>
        <line num="56" type="stmt" count="1"/>
        <line num="57" type="stmt" count="2"/>
        <line num="58" type="stmt" count="2"/>
        <line num="60" type="stmt" count="2"/>
        <metrics loc="61" ncloc="49" classes="1" methods="3" coveredmethods="3" conditionals="0" coveredconditionals="0" statements="18" coveredstatements="18" elements="21" coveredelements="21"/>
      </file>
      <file name="/Users/Dion/www/sexy-field/sexy-field/src/Command/DeleteApplicationCommand.php">
        <class name="DeleteApplicationCommand" namespace="Tardigrades\Command">
          <metrics complexity="12" methods="7" coveredmethods="6" conditionals="0" coveredconditionals="0" statements="29" coveredstatements="27" elements="36" coveredelements="33"/>
        </class>
        <line num="34" type="method" name="__construct" visibility="public" complexity="1" crap="1" count="2"/>
        <line num="37" type="stmt" count="2"/>
        <line num="39" type="stmt" count="2"/>
        <line num="40" type="stmt" count="2"/>
        <line num="42" type="method" name="configure" visibility="protected" complexity="1" crap="1" count="1"/>
        <line num="45" type="stmt" count="1"/>
        <line num="46" type="stmt" count="1"/>
        <line num="47" type="stmt" count="1"/>
        <line num="49" type="method" name="execute" visibility="protected" complexity="1" crap="1" count="1"/>
        <line num="51" type="stmt" count="1"/>
        <line num="53" type="stmt" count="1"/>
        <line num="54" type="stmt" count="1"/>
        <line num="56" type="method" name="showInstalledApplications" visibility="private" complexity="1" crap="1" count="2"/>
        <line num="58" type="stmt" count="2"/>
        <line num="60" type="stmt" count="2"/>
        <line num="61" type="stmt" count="2"/>
        <line num="62" type="stmt" count="2"/>
        <line num="64" type="method" name="getApplicationRecord" visibility="private" complexity="3" crap="3" count="2"/>
        <line num="66" type="stmt" count="2"/>
        <line num="67" type="method" name="anonymous function" complexity="2" crap="2" count="2"/>
        <line num="69" type="stmt" count="2"/>
        <line num="70" type="stmt" count="1"/>
        <line num="71" type="stmt" count="1"/>
        <line num="73" type="stmt" count="1"/>
        <line num="74" type="stmt" count="2"/>
        <line num="76" type="stmt" count="2"/>
        <line num="79" type="method" name="deleteWhatRecord" visibility="private" complexity="3" crap="3.07" count="2"/>
        <line num="81" type="stmt" count="2"/>
        <line num="83" type="stmt" count="2"/>
        <line num="84" type="stmt" count="1"/>
        <line num="86" type="stmt" count="1"/>
        <line num="88" type="stmt" count="1"/>
        <line num="89" type="stmt" count="0"/>
        <line num="90" type="stmt" count="0"/>
        <line num="92" type="stmt" count="1"/>
        <line num="94" type="stmt" count="1"/>
        <line num="96" type="stmt" count="2"/>
        <metrics loc="97" ncloc="87" classes="1" methods="7" coveredmethods="6" conditionals="0" coveredconditionals="0" statements="30" coveredstatements="28" elements="37" coveredelements="34"/>
      </file>
      <file name="/Users/Dion/www/sexy-field/sexy-field/src/Command/DeleteFieldCommand.php">
        <class name="DeleteFieldCommand" namespace="Tardigrades\Command">
          <metrics complexity="12" methods="7" coveredmethods="7" conditionals="0" coveredconditionals="0" statements="29" coveredstatements="29" elements="36" coveredelements="36"/>
        </class>
        <line num="35" type="method" name="__construct" visibility="public" complexity="1" crap="1" count="3"/>
        <line num="38" type="stmt" count="3"/>
        <line num="40" type="stmt" count="3"/>
        <line num="41" type="stmt" count="3"/>
        <line num="43" type="method" name="configure" visibility="protected" complexity="1" crap="1" count="1"/>
        <line num="46" type="stmt" count="1"/>
        <line num="47" type="stmt" count="1"/>
        <line num="48" type="stmt" count="1"/>
        <line num="50" type="method" name="execute" visibility="protected" complexity="1" crap="1" count="1"/>
        <line num="52" type="stmt" count="1"/>
        <line num="54" type="stmt" count="1"/>
        <line num="55" type="stmt" count="1"/>
        <line num="57" type="method" name="showInstalledFields" visibility="private" complexity="1" crap="1" count="3"/>
        <line num="59" type="stmt" count="3"/>
        <line num="61" type="stmt" count="3"/>
        <line num="62" type="stmt" count="3"/>
        <line num="63" type="stmt" count="3"/>
        <line num="65" type="method" name="deleteWhatRecord" visibility="private" complexity="3" crap="3" count="3"/>
        <line num="67" type="stmt" count="3"/>
        <line num="69" type="stmt" count="3"/>
        <line num="70" type="stmt" count="2"/>
        <line num="72" type="stmt" count="2"/>
        <line num="74" type="stmt" count="2"/>
        <line num="75" type="stmt" count="1"/>
        <line num="76" type="stmt" count="1"/>
        <line num="78" type="stmt" count="1"/>
        <line num="80" type="stmt" count="1"/>
        <line num="82" type="stmt" count="2"/>
        <line num="84" type="method" name="getField" visibility="private" complexity="3" crap="3" count="3"/>
        <line num="86" type="stmt" count="3"/>
        <line num="87" type="method" name="anonymous function" complexity="2" crap="2" count="3"/>
        <line num="89" type="stmt" count="3"/>
        <line num="90" type="stmt" count="1"/>
        <line num="91" type="stmt" count="1"/>
        <line num="93" type="stmt" count="1"/>
        <line num="94" type="stmt" count="3"/>
        <line num="96" type="stmt" count="3"/>
        <metrics loc="98" ncloc="88" classes="1" methods="7" coveredmethods="7" conditionals="0" coveredconditionals="0" statements="30" coveredstatements="30" elements="37" coveredelements="37"/>
      </file>
      <file name="/Users/Dion/www/sexy-field/sexy-field/src/Command/DeleteFieldTypeCommand.php">
        <class name="DeleteFieldTypeCommand" namespace="Tardigrades\Command">
          <metrics complexity="12" methods="7" coveredmethods="6" conditionals="0" coveredconditionals="0" statements="36" coveredstatements="33" elements="43" coveredelements="39"/>
        </class>
        <line num="35" type="method" name="__construct" visibility="public" complexity="1" crap="1" count="3"/>
        <line num="38" type="stmt" count="3"/>
        <line num="40" type="stmt" count="3"/>
        <line num="41" type="stmt" count="3"/>
        <line num="43" type="method" name="configure" visibility="protected" complexity="1" crap="1" count="3"/>
        <line num="46" type="stmt" count="3"/>
        <line num="47" type="stmt" count="3"/>
        <line num="49" type="stmt" count="3"/>
        <line num="51" type="method" name="execute" visibility="protected" complexity="1" crap="1" count="3"/>
        <line num="53" type="stmt" count="3"/>
        <line num="55" type="stmt" count="3"/>
        <line num="56" type="stmt" count="3"/>
        <line num="58" type="method" name="showInstalledFieldTypes" visibility="private" complexity="1" crap="1" count="3"/>
        <line num="60" type="stmt" count="3"/>
        <line num="62" type="stmt" count="3"/>
        <line num="63" type="stmt" count="3"/>
        <line num="64" type="stmt" count="3"/>
        <line num="66" type="method" name="deleteWhatRecord" visibility="private" complexity="4" crap="4" count="3"/>
        <line num="68" type="stmt" count="3"/>
        <line num="70" type="stmt" count="3"/>
        <line num="71" type="stmt" count="1"/>
        <line num="72" type="stmt" count="1"/>
        <line num="73" type="stmt" count="1"/>
        <line num="76" type="stmt" count="1"/>
        <line num="78" type="stmt" count="1"/>
        <line num="79" type="stmt" count="1"/>
        <line num="81" type="stmt" count="1"/>
        <line num="84" type="stmt" count="2"/>
        <line num="86" type="stmt" count="2"/>
        <line num="88" type="stmt" count="2"/>
        <line num="89" type="stmt" count="1"/>
        <line num="90" type="stmt" count="1"/>
        <line num="93" type="stmt" count="1"/>
        <line num="95" type="stmt" count="1"/>
        <line num="96" type="stmt" count="1"/>
        <line num="98" type="method" name="getFieldType" visibility="private" complexity="2" crap="2" count="3"/>
        <line num="100" type="stmt" count="3"/>
        <line num="101" type="method" name="anonymous function" complexity="2" crap="2.86" count="3"/>
        <line num="103" type="stmt" count="3"/>
        <line num="104" type="stmt" count="0"/>
        <line num="105" type="stmt" count="0"/>
        <line num="107" type="stmt" count="0"/>
        <line num="108" type="stmt" count="3"/>
        <line num="110" type="stmt" count="3"/>
        <metrics loc="112" ncloc="102" classes="1" methods="7" coveredmethods="6" conditionals="0" coveredconditionals="0" statements="37" coveredstatements="34" elements="44" coveredelements="40"/>
      </file>
      <file name="/Users/Dion/www/sexy-field/sexy-field/src/Command/DeleteLanguageCommand.php">
        <class name="DeleteLanguageCommand" namespace="Tardigrades\Command">
          <metrics complexity="11" methods="7" coveredmethods="5" conditionals="0" coveredconditionals="0" statements="30" coveredstatements="23" elements="37" coveredelements="28"/>
        </class>
        <line num="34" type="method" name="__construct" visibility="public" complexity="1" crap="1" count="1"/>
        <line num="37" type="stmt" count="1"/>
        <line num="39" type="stmt" count="1"/>
        <line num="40" type="stmt" count="1"/>
        <line num="42" type="method" name="configure" visibility="protected" complexity="1" crap="1" count="1"/>
        <line num="45" type="stmt" count="1"/>
        <line num="46" type="stmt" count="1"/>
        <line num="47" type="stmt" count="1"/>
        <line num="49" type="method" name="execute" visibility="protected" complexity="1" crap="1" count="1"/>
        <line num="51" type="stmt" count="1"/>
        <line num="53" type="stmt" count="1"/>
        <line num="54" type="stmt" count="1"/>
        <line num="56" type="method" name="showInstalledLanguages" visibility="private" complexity="1" crap="1" count="1"/>
        <line num="58" type="stmt" count="1"/>
        <line num="60" type="stmt" count="1"/>
        <line num="61" type="stmt" count="1"/>
        <line num="62" type="stmt" count="1"/>
        <line num="64" type="method" name="getLanguageRecord" visibility="private" complexity="2" crap="2" count="1"/>
        <line num="66" type="stmt" count="1"/>
        <line num="67" type="method" name="anonymous function" complexity="2" crap="2.86" count="1"/>
        <line num="69" type="stmt" count="1"/>
        <line num="70" type="stmt" count="0"/>
        <line num="71" type="stmt" count="0"/>
        <line num="73" type="stmt" count="0"/>
        <line num="74" type="stmt" count="1"/>
        <line num="76" type="stmt" count="1"/>
        <line num="79" type="method" name="deleteWhatRecord" visibility="private" complexity="3" crap="3.43" count="1"/>
        <line num="81" type="stmt" count="1"/>
        <line num="83" type="stmt" count="1"/>
        <line num="85" type="stmt" count="1"/>
        <line num="87" type="stmt" count="1"/>
        <line num="88" type="stmt" count="0"/>
        <line num="89" type="stmt" count="0"/>
        <line num="91" type="stmt" count="1"/>
        <line num="94" type="stmt" count="1"/>
        <line num="95" type="stmt" count="0"/>
        <line num="96" type="stmt" count="0"/>
        <line num="98" type="stmt" count="1"/>
        <metrics loc="99" ncloc="89" classes="1" methods="7" coveredmethods="5" conditionals="0" coveredconditionals="0" statements="31" coveredstatements="24" elements="38" coveredelements="29"/>
      </file>
      <file name="/Users/Dion/www/sexy-field/sexy-field/src/Command/DeleteSectionCommand.php">
        <class name="DeleteSectionCommand" namespace="Tardigrades\Command">
          <metrics complexity="5" methods="4" coveredmethods="3" conditionals="0" coveredconditionals="0" statements="18" coveredstatements="16" elements="22" coveredelements="19"/>
        </class>
        <line num="24" type="method" name="__construct" visibility="public" complexity="1" crap="1" count="1"/>
        <line num="27" type="stmt" count="1"/>
        <line num="28" type="stmt" count="1"/>
        <line num="30" type="method" name="configure" visibility="protected" complexity="1" crap="1" count="1"/>
        <line num="33" type="stmt" count="1"/>
        <line num="34" type="stmt" count="1"/>
        <line num="36" type="stmt" count="1"/>
        <line num="38" type="method" name="execute" visibility="protected" complexity="1" crap="1" count="1"/>
        <line num="40" type="stmt" count="1"/>
        <line num="41" type="stmt" count="1"/>
        <line num="42" type="stmt" count="1"/>
        <line num="43" type="stmt" count="1"/>
        <line num="45" type="method" name="deleteWhatRecord" visibility="private" complexity="2" crap="2.04" count="1"/>
        <line num="48" type="stmt" count="1"/>
        <line num="50" type="stmt" count="1"/>
        <line num="52" type="stmt" count="1"/>
        <line num="54" type="stmt" count="1"/>
        <line num="55" type="stmt" count="0"/>
        <line num="56" type="stmt" count="0"/>
        <line num="59" type="stmt" count="1"/>
        <line num="61" type="stmt" count="1"/>
        <line num="62" type="stmt" count="1"/>
        <metrics loc="63" ncloc="54" classes="1" methods="4" coveredmethods="3" conditionals="0" coveredconditionals="0" statements="18" coveredstatements="16" elements="22" coveredelements="19"/>
      </file>
      <file name="/Users/Dion/www/sexy-field/sexy-field/src/Command/FieldCommand.php">
        <class name="FieldCommand" namespace="Tardigrades\Command">
          <metrics complexity="2" methods="1" coveredmethods="1" conditionals="0" coveredconditionals="0" statements="18" coveredstatements="18" elements="19" coveredelements="19"/>
        </class>
        <line num="25" type="method" name="renderTable" visibility="protected" complexity="2" crap="2" count="1"/>
        <line num="30" type="stmt" count="1"/>
        <line num="32" type="stmt" count="1"/>
        <line num="34" type="stmt" count="1"/>
        <line num="35" type="stmt" count="1"/>
        <line num="36" type="stmt" count="1"/>
        <line num="37" type="stmt" count="1"/>
        <line num="38" type="stmt" count="1"/>
        <line num="39" type="stmt" count="1"/>
        <line num="40" type="stmt" count="1"/>
        <line num="41" type="stmt" count="1"/>
        <line num="45" type="stmt" count="1"/>
        <line num="46" type="stmt" count="1"/>
        <line num="47" type="stmt" count="1"/>
        <line num="51" type="stmt" count="1"/>
        <line num="52" type="stmt" count="1"/>
        <line num="55" type="stmt" count="1"/>
        <line num="57" type="stmt" count="1"/>
        <line num="58" type="stmt" count="1"/>
        <metrics loc="59" ncloc="50" classes="1" methods="1" coveredmethods="1" conditionals="0" coveredconditionals="0" statements="18" coveredstatements="18" elements="19" coveredelements="19"/>
      </file>
      <file name="/Users/Dion/www/sexy-field/sexy-field/src/Command/FieldTypeCommand.php">
        <class name="FieldTypeCommand" namespace="Tardigrades\Command">
          <metrics complexity="2" methods="1" coveredmethods="1" conditionals="0" coveredconditionals="0" statements="16" coveredstatements="16" elements="17" coveredelements="17"/>
        </class>
        <line num="25" type="method" name="renderTable" visibility="protected" complexity="2" crap="2" count="1"/>
        <line num="27" type="stmt" count="1"/>
        <line num="29" type="stmt" count="1"/>
        <line num="31" type="stmt" count="1"/>
        <line num="32" type="stmt" count="1"/>
        <line num="33" type="stmt" count="1"/>
        <line num="34" type="stmt" count="1"/>
        <line num="35" type="stmt" count="1"/>
        <line num="36" type="stmt" count="1"/>
        <line num="37" type="stmt" count="1"/>
        <line num="41" type="stmt" count="1"/>
        <line num="42" type="stmt" count="1"/>
        <line num="43" type="stmt" count="1"/>
        <line num="47" type="stmt" count="1"/>
        <line num="48" type="stmt" count="1"/>
        <line num="50" type="stmt" count="1"/>
        <line num="51" type="stmt" count="1"/>
        <metrics loc="52" ncloc="43" classes="1" methods="1" coveredmethods="1" conditionals="0" coveredconditionals="0" statements="16" coveredstatements="16" elements="17" coveredelements="17"/>
      </file>
      <file name="/Users/Dion/www/sexy-field/sexy-field/src/Command/GenerateSectionCommand.php">
        <class name="GenerateSectionCommand" namespace="Tardigrades\Command">
          <metrics complexity="7" methods="4" coveredmethods="3" conditionals="0" coveredconditionals="0" statements="25" coveredstatements="18" elements="29" coveredelements="21"/>
        </class>
        <line num="29" type="method" name="__construct" visibility="public" complexity="1" crap="1" count="1"/>
        <line num="33" type="stmt" count="1"/>
        <line num="35" type="stmt" count="1"/>
        <line num="36" type="stmt" count="1"/>
        <line num="38" type="method" name="configure" visibility="protected" complexity="1" crap="1" count="1"/>
        <line num="42" type="stmt" count="1"/>
        <line num="43" type="stmt" count="1"/>
        <line num="46" type="stmt" count="1"/>
        <line num="48" type="method" name="execute" visibility="protected" complexity="1" crap="1" count="1"/>
        <line num="50" type="stmt" count="1"/>
        <line num="51" type="stmt" count="1"/>
        <line num="52" type="stmt" count="1"/>
        <line num="53" type="stmt" count="1"/>
        <line num="55" type="method" name="generateWhatSection" visibility="private" complexity="4" crap="5.63" count="1"/>
        <line num="57" type="stmt" count="1"/>
        <line num="59" type="stmt" count="1"/>
        <line num="62" type="stmt" count="1"/>
        <line num="63" type="stmt" count="0"/>
        <line num="65" type="stmt" count="0"/>
        <line num="66" type="stmt" count="0"/>
        <line num="68" type="stmt" count="0"/>
        <line num="71" type="stmt" count="1"/>
        <line num="72" type="stmt" count="1"/>
        <line num="73" type="stmt" count="0"/>
        <line num="74" type="stmt" count="0"/>
        <line num="76" type="stmt" count="1"/>
        <line num="77" type="stmt" count="0"/>
        <line num="80" type="stmt" count="1"/>
        <line num="81" type="stmt" count="1"/>
        <metrics loc="82" ncloc="68" classes="1" methods="4" coveredmethods="3" conditionals="0" coveredconditionals="0" statements="25" coveredstatements="18" elements="29" coveredelements="21"/>
      </file>
      <file name="/Users/Dion/www/sexy-field/sexy-field/src/Command/InstallFieldTypeCommand.php">
        <class name="InstallFieldTypeCommand" namespace="Tardigrades\Command">
          <metrics complexity="3" methods="3" coveredmethods="3" conditionals="0" coveredconditionals="0" statements="12" coveredstatements="12" elements="15" coveredelements="15"/>
        </class>
        <line num="27" type="method" name="__construct" visibility="public" complexity="1" crap="1" count="1"/>
        <line num="30" type="stmt" count="1"/>
        <line num="32" type="stmt" count="1"/>
        <line num="33" type="stmt" count="1"/>
        <line num="35" type="method" name="configure" visibility="protected" complexity="1" crap="1" count="1"/>
        <line num="38" type="stmt" count="1"/>
        <line num="39" type="stmt" count="1"/>
        <line num="40" type="stmt" count="1"/>
        <line num="42" type="stmt" count="1"/>
        <line num="44" type="method" name="execute" visibility="protected" complexity="1" crap="1" count="1"/>
        <line num="46" type="stmt" count="1"/>
        <line num="47" type="stmt" count="1"/>
        <line num="48" type="stmt" count="1"/>
        <line num="51" type="stmt" count="1"/>
        <line num="52" type="stmt" count="1"/>
        <metrics loc="53" ncloc="44" classes="1" methods="3" coveredmethods="3" conditionals="0" coveredconditionals="0" statements="12" coveredstatements="12" elements="15" coveredelements="15"/>
      </file>
      <file name="/Users/Dion/www/sexy-field/sexy-field/src/Command/LanguageCommand.php">
        <class name="LanguageCommand" namespace="Tardigrades\Command">
          <metrics complexity="3" methods="1" coveredmethods="1" conditionals="0" coveredconditionals="0" statements="20" coveredstatements="20" elements="21" coveredelements="21"/>
        </class>
        <line num="26" type="method" name="renderTable" visibility="protected" complexity="3" crap="3" count="1"/>
        <line num="28" type="stmt" count="1"/>
        <line num="30" type="stmt" count="1"/>
        <line num="32" type="stmt" count="1"/>
        <line num="33" type="stmt" count="1"/>
        <line num="34" type="stmt" count="1"/>
        <line num="36" type="stmt" count="1"/>
        <line num="37" type="stmt" count="1"/>
        <line num="40" type="stmt" count="1"/>
        <line num="41" type="stmt" count="1"/>
        <line num="42" type="stmt" count="1"/>
        <line num="43" type="stmt" count="1"/>
        <line num="44" type="stmt" count="1"/>
        <line num="45" type="stmt" count="1"/>
        <line num="49" type="stmt" count="1"/>
        <line num="50" type="stmt" count="1"/>
        <line num="51" type="stmt" count="1"/>
        <line num="55" type="stmt" count="1"/>
        <line num="56" type="stmt" count="1"/>
        <line num="58" type="stmt" count="1"/>
        <line num="59" type="stmt" count="1"/>
        <metrics loc="60" ncloc="50" classes="1" methods="1" coveredmethods="1" conditionals="0" coveredconditionals="0" statements="20" coveredstatements="20" elements="21" coveredelements="21"/>
      </file>
      <file name="/Users/Dion/www/sexy-field/sexy-field/src/Command/ListApplicationCommand.php">
        <class name="ListApplicationCommand" namespace="Tardigrades\Command">
          <metrics complexity="4" methods="3" coveredmethods="2" conditionals="0" coveredconditionals="0" statements="11" coveredstatements="9" elements="14" coveredelements="11"/>
        </class>
        <line num="25" type="method" name="__construct" visibility="public" complexity="1" crap="1" count="1"/>
        <line num="28" type="stmt" count="1"/>
        <line num="30" type="stmt" count="1"/>
        <line num="31" type="stmt" count="1"/>
        <line num="33" type="method" name="configure" visibility="protected" complexity="1" crap="1" count="1"/>
        <line num="36" type="stmt" count="1"/>
        <line num="37" type="stmt" count="1"/>
        <line num="38" type="stmt" count="1"/>
        <line num="40" type="method" name="execute" visibility="protected" complexity="2" crap="2.26" count="1"/>
        <line num="43" type="stmt" count="1"/>
        <line num="44" type="stmt" count="1"/>
        <line num="45" type="stmt" count="0"/>
        <line num="46" type="stmt" count="0"/>
        <line num="48" type="stmt" count="1"/>
        <metrics loc="49" ncloc="41" classes="1" methods="3" coveredmethods="2" conditionals="0" coveredconditionals="0" statements="11" coveredstatements="9" elements="14" coveredelements="11"/>
      </file>
      <file name="/Users/Dion/www/sexy-field/sexy-field/src/Command/ListFieldCommand.php">
        <class name="ListFieldCommand" namespace="Tardigrades\Command">
          <metrics complexity="4" methods="3" coveredmethods="2" conditionals="0" coveredconditionals="0" statements="11" coveredstatements="9" elements="14" coveredelements="11"/>
        </class>
        <line num="26" type="method" name="__construct" visibility="public" complexity="1" crap="1" count="1"/>
        <line num="29" type="stmt" count="1"/>
        <line num="31" type="stmt" count="1"/>
        <line num="32" type="stmt" count="1"/>
        <line num="34" type="method" name="configure" visibility="protected" complexity="1" crap="1" count="1"/>
        <line num="37" type="stmt" count="1"/>
        <line num="38" type="stmt" count="1"/>
        <line num="40" type="stmt" count="1"/>
        <line num="42" type="method" name="execute" visibility="protected" complexity="2" crap="2.26" count="1"/>
        <line num="45" type="stmt" count="1"/>
        <line num="46" type="stmt" count="1"/>
        <line num="47" type="stmt" count="0"/>
        <line num="48" type="stmt" count="0"/>
        <line num="50" type="stmt" count="1"/>
        <metrics loc="51" ncloc="42" classes="1" methods="3" coveredmethods="2" conditionals="0" coveredconditionals="0" statements="11" coveredstatements="9" elements="14" coveredelements="11"/>
      </file>
      <file name="/Users/Dion/www/sexy-field/sexy-field/src/Command/ListFieldTypeCommand.php">
        <class name="ListFieldTypeCommand" namespace="Tardigrades\Command">
          <metrics complexity="4" methods="3" coveredmethods="2" conditionals="0" coveredconditionals="0" statements="11" coveredstatements="9" elements="14" coveredelements="11"/>
        </class>
        <line num="26" type="method" name="__construct" visibility="public" complexity="1" crap="1" count="1"/>
        <line num="29" type="stmt" count="1"/>
        <line num="31" type="stmt" count="1"/>
        <line num="32" type="stmt" count="1"/>
        <line num="34" type="method" name="configure" visibility="protected" complexity="1" crap="1" count="1"/>
        <line num="37" type="stmt" count="1"/>
        <line num="38" type="stmt" count="1"/>
        <line num="40" type="stmt" count="1"/>
        <line num="42" type="method" name="execute" visibility="protected" complexity="2" crap="2.26" count="1"/>
        <line num="45" type="stmt" count="1"/>
        <line num="46" type="stmt" count="1"/>
        <line num="47" type="stmt" count="0"/>
        <line num="48" type="stmt" count="0"/>
        <line num="50" type="stmt" count="1"/>
        <metrics loc="51" ncloc="42" classes="1" methods="3" coveredmethods="2" conditionals="0" coveredconditionals="0" statements="11" coveredstatements="9" elements="14" coveredelements="11"/>
      </file>
      <file name="/Users/Dion/www/sexy-field/sexy-field/src/Command/ListLanguageCommand.php">
        <class name="ListLanguageCommand" namespace="Tardigrades\Command">
          <metrics complexity="4" methods="3" coveredmethods="2" conditionals="0" coveredconditionals="0" statements="11" coveredstatements="9" elements="14" coveredelements="11"/>
        </class>
        <line num="25" type="method" name="__construct" visibility="public" complexity="1" crap="1" count="1"/>
        <line num="28" type="stmt" count="1"/>
        <line num="30" type="stmt" count="1"/>
        <line num="31" type="stmt" count="1"/>
        <line num="33" type="method" name="configure" visibility="protected" complexity="1" crap="1" count="1"/>
        <line num="36" type="stmt" count="1"/>
        <line num="37" type="stmt" count="1"/>
        <line num="38" type="stmt" count="1"/>
        <line num="40" type="method" name="execute" visibility="protected" complexity="2" crap="2.26" count="1"/>
        <line num="43" type="stmt" count="1"/>
        <line num="44" type="stmt" count="1"/>
        <line num="45" type="stmt" count="0"/>
        <line num="46" type="stmt" count="0"/>
        <line num="48" type="stmt" count="1"/>
        <metrics loc="49" ncloc="41" classes="1" methods="3" coveredmethods="2" conditionals="0" coveredconditionals="0" statements="11" coveredstatements="9" elements="14" coveredelements="11"/>
      </file>
      <file name="/Users/Dion/www/sexy-field/sexy-field/src/Command/ListSectionCommand.php">
        <class name="ListSectionCommand" namespace="Tardigrades\Command">
          <metrics complexity="4" methods="3" coveredmethods="2" conditionals="0" coveredconditionals="0" statements="10" coveredstatements="8" elements="13" coveredelements="10"/>
        </class>
        <line num="23" type="method" name="__construct" visibility="public" complexity="1" crap="1" count="1"/>
        <line num="26" type="stmt" count="1"/>
        <line num="27" type="stmt" count="1"/>
        <line num="29" type="method" name="configure" visibility="protected" complexity="1" crap="1" count="1"/>
        <line num="32" type="stmt" count="1"/>
        <line num="33" type="stmt" count="1"/>
        <line num="35" type="stmt" count="1"/>
        <line num="37" type="method" name="execute" visibility="protected" complexity="2" crap="2.26" count="1"/>
        <line num="40" type="stmt" count="1"/>
        <line num="41" type="stmt" count="1"/>
        <line num="42" type="stmt" count="0"/>
        <line num="43" type="stmt" count="0"/>
        <line num="45" type="stmt" count="1"/>
        <metrics loc="46" ncloc="38" classes="1" methods="3" coveredmethods="2" conditionals="0" coveredconditionals="0" statements="10" coveredstatements="8" elements="13" coveredelements="10"/>
      </file>
      <file name="/Users/Dion/www/sexy-field/sexy-field/src/Command/RestoreSectionCommand.php">
        <class name="RestoreSectionCommand" namespace="Tardigrades\Command">
          <metrics complexity="10" methods="6" coveredmethods="0" conditionals="0" coveredconditionals="0" statements="30" coveredstatements="0" elements="36" coveredelements="0"/>
        </class>
        <line num="31" type="method" name="__construct" visibility="public" complexity="1" crap="2" count="0"/>
        <line num="35" type="stmt" count="0"/>
        <line num="37" type="stmt" count="0"/>
        <line num="38" type="stmt" count="0"/>
        <line num="40" type="method" name="configure" visibility="protected" complexity="1" crap="2" count="0"/>
        <line num="43" type="stmt" count="0"/>
        <line num="44" type="stmt" count="0"/>
        <line num="46" type="stmt" count="0"/>
        <line num="48" type="method" name="execute" visibility="protected" complexity="2" crap="6" count="0"/>
        <line num="51" type="stmt" count="0"/>
        <line num="52" type="stmt" count="0"/>
        <line num="53" type="stmt" count="0"/>
        <line num="54" type="stmt" count="0"/>
        <line num="55" type="stmt" count="0"/>
        <line num="57" type="stmt" count="0"/>
        <line num="59" type="method" name="restoreWhatRecord" visibility="private" complexity="2" crap="6" count="0"/>
        <line num="61" type="stmt" count="0"/>
        <line num="63" type="stmt" count="0"/>
        <line num="64" type="stmt" count="0"/>
        <line num="66" type="stmt" count="0"/>
        <line num="67" type="stmt" count="0"/>
        <line num="69" type="stmt" count="0"/>
        <line num="70" type="stmt" count="0"/>
        <line num="71" type="stmt" count="0"/>
        <line num="72" type="stmt" count="0"/>
        <line num="75" type="stmt" count="0"/>
        <line num="77" type="stmt" count="0"/>
        <line num="78" type="stmt" count="0"/>
        <line num="80" type="method" name="getSectionFromHistory" visibility="protected" complexity="2" crap="6" count="0"/>
        <line num="82" type="stmt" count="0"/>
        <line num="84" type="method" name="anonymous function" complexity="2" crap="6" count="0"/>
        <line num="86" type="stmt" count="0"/>
        <line num="87" type="stmt" count="0"/>
        <line num="88" type="stmt" count="0"/>
        <line num="90" type="stmt" count="0"/>
        <line num="91" type="stmt" count="0"/>
        <line num="93" type="stmt" count="0"/>
        <metrics loc="95" ncloc="86" classes="1" methods="6" coveredmethods="0" conditionals="0" coveredconditionals="0" statements="31" coveredstatements="0" elements="37" coveredelements="0"/>
      </file>
      <file name="/Users/Dion/www/sexy-field/sexy-field/src/Command/SectionCommand.php">
        <class name="SectionCommand" namespace="Tardigrades\Command">
          <metrics complexity="7" methods="4" coveredmethods="1" conditionals="0" coveredconditionals="0" statements="26" coveredstatements="17" elements="30" coveredelements="18"/>
        </class>
        <line num="33" type="method" name="__construct" visibility="public" complexity="1" crap="2" count="0"/>
        <line num="37" type="stmt" count="0"/>
        <line num="39" type="stmt" count="0"/>
        <line num="40" type="stmt" count="0"/>
        <line num="42" type="method" name="renderTable" visibility="protected" complexity="2" crap="2" count="1"/>
        <line num="44" type="stmt" count="1"/>
        <line num="46" type="stmt" count="1"/>
        <line num="48" type="stmt" count="1"/>
        <line num="49" type="stmt" count="1"/>
        <line num="50" type="stmt" count="1"/>
        <line num="51" type="stmt" count="1"/>
        <line num="52" type="stmt" count="1"/>
        <line num="53" type="stmt" count="1"/>
        <line num="54" type="stmt" count="1"/>
        <line num="55" type="stmt" count="1"/>
        <line num="59" type="stmt" count="1"/>
        <line num="60" type="stmt" count="1"/>
        <line num="61" type="stmt" count="1"/>
        <line num="65" type="stmt" count="1"/>
        <line num="66" type="stmt" count="1"/>
        <line num="68" type="stmt" count="1"/>
        <line num="69" type="stmt" count="1"/>
        <line num="71" type="method" name="getSection" visibility="protected" complexity="2" crap="6" count="0"/>
        <line num="73" type="stmt" count="0"/>
        <line num="75" type="method" name="anonymous function" complexity="2" crap="6" count="0"/>
        <line num="77" type="stmt" count="0"/>
        <line num="78" type="stmt" count="0"/>
        <line num="79" type="stmt" count="0"/>
        <line num="81" type="stmt" count="0"/>
        <line num="82" type="stmt" count="0"/>
        <line num="84" type="stmt" count="0"/>
        <metrics loc="86" ncloc="76" classes="1" methods="4" coveredmethods="1" conditionals="0" coveredconditionals="0" statements="27" coveredstatements="17" elements="31" coveredelements="18"/>
      </file>
      <file name="/Users/Dion/www/sexy-field/sexy-field/src/Command/UpdateApplicationCommand.php">
        <class name="UpdateApplicationCommand" namespace="Tardigrades\Command">
          <metrics complexity="10" methods="7" coveredmethods="6" conditionals="0" coveredconditionals="0" statements="30" coveredstatements="28" elements="37" coveredelements="34"/>
        </class>
        <line num="36" type="method" name="__construct" visibility="public" complexity="1" crap="1" count="2"/>
        <line num="39" type="stmt" count="2"/>
        <line num="41" type="stmt" count="2"/>
        <line num="42" type="stmt" count="2"/>
        <line num="44" type="method" name="configure" visibility="protected" complexity="1" crap="1" count="2"/>
        <line num="48" type="stmt" count="2"/>
        <line num="49" type="stmt" count="2"/>
        <line num="50" type="stmt" count="2"/>
        <line num="53" type="stmt" count="2"/>
        <line num="55" type="method" name="execute" visibility="protected" complexity="1" crap="1" count="2"/>
        <line num="57" type="stmt" count="2"/>
        <line num="58" type="stmt" count="2"/>
        <line num="59" type="stmt" count="2"/>
        <line num="61" type="method" name="showInstalledApplications" visibility="private" complexity="1" crap="1" count="2"/>
        <line num="63" type="stmt" count="2"/>
        <line num="65" type="stmt" count="2"/>
        <line num="66" type="stmt" count="2"/>
        <line num="67" type="stmt" count="2"/>
        <line num="69" type="method" name="getApplicationRecord" visibility="private" complexity="2" crap="2" count="2"/>
        <line num="71" type="stmt" count="2"/>
        <line num="72" type="method" name="anonymous function" complexity="2" crap="2.50" count="2"/>
        <line num="74" type="stmt" count="2"/>
        <line num="75" type="stmt" count="0"/>
        <line num="76" type="stmt" count="0"/>
        <line num="78" type="stmt" count="2"/>
        <line num="80" type="stmt" count="2"/>
        <line num="83" type="method" name="updateWhatRecord" visibility="private" complexity="2" crap="2" count="2"/>
        <line num="85" type="stmt" count="2"/>
        <line num="86" type="stmt" count="2"/>
        <line num="89" type="stmt" count="2"/>
        <line num="90" type="stmt" count="2"/>
        <line num="91" type="stmt" count="2"/>
        <line num="94" type="stmt" count="1"/>
        <line num="95" type="stmt" count="1"/>
        <line num="96" type="stmt" count="1"/>
        <line num="97" type="stmt" count="1"/>
        <line num="100" type="stmt" count="1"/>
        <line num="101" type="stmt" count="1"/>
        <metrics loc="102" ncloc="88" classes="1" methods="7" coveredmethods="6" conditionals="0" coveredconditionals="0" statements="31" coveredstatements="29" elements="38" coveredelements="35"/>
      </file>
      <file name="/Users/Dion/www/sexy-field/sexy-field/src/Command/UpdateFieldCommand.php">
        <class name="UpdateFieldCommand" namespace="Tardigrades\Command">
          <metrics complexity="10" methods="7" coveredmethods="6" conditionals="0" coveredconditionals="0" statements="31" coveredstatements="28" elements="38" coveredelements="34"/>
        </class>
        <line num="36" type="method" name="__construct" visibility="public" complexity="1" crap="1" count="2"/>
        <line num="39" type="stmt" count="2"/>
        <line num="41" type="stmt" count="2"/>
        <line num="42" type="stmt" count="2"/>
        <line num="44" type="method" name="configure" visibility="protected" complexity="1" crap="1" count="2"/>
        <line num="47" type="stmt" count="2"/>
        <line num="48" type="stmt" count="2"/>
        <line num="49" type="stmt" count="2"/>
        <line num="51" type="stmt" count="2"/>
        <line num="53" type="method" name="execute" visibility="protected" complexity="1" crap="1" count="2"/>
        <line num="55" type="stmt" count="2"/>
        <line num="57" type="stmt" count="2"/>
        <line num="58" type="stmt" count="2"/>
        <line num="60" type="method" name="showInstalledFields" visibility="private" complexity="1" crap="1" count="2"/>
        <line num="62" type="stmt" count="2"/>
        <line num="64" type="stmt" count="2"/>
        <line num="65" type="stmt" count="2"/>
        <line num="66" type="stmt" count="2"/>
        <line num="68" type="method" name="getField" visibility="private" complexity="2" crap="2" count="2"/>
        <line num="70" type="stmt" count="2"/>
        <line num="71" type="method" name="anonymous function" complexity="2" crap="2.86" count="2"/>
        <line num="73" type="stmt" count="2"/>
        <line num="74" type="stmt" count="0"/>
        <line num="75" type="stmt" count="0"/>
        <line num="77" type="stmt" count="0"/>
        <line num="78" type="stmt" count="2"/>
        <line num="80" type="stmt" count="2"/>
        <line num="83" type="method" name="updateWhatRecord" visibility="private" complexity="2" crap="2" count="2"/>
        <line num="85" type="stmt" count="2"/>
        <line num="86" type="stmt" count="2"/>
        <line num="89" type="stmt" count="2"/>
        <line num="90" type="stmt" count="2"/>
        <line num="91" type="stmt" count="2"/>
        <line num="94" type="stmt" count="1"/>
        <line num="95" type="stmt" count="1"/>
        <line num="96" type="stmt" count="1"/>
        <line num="97" type="stmt" count="1"/>
        <line num="100" type="stmt" count="1"/>
        <line num="101" type="stmt" count="1"/>
        <metrics loc="102" ncloc="92" classes="1" methods="7" coveredmethods="6" conditionals="0" coveredconditionals="0" statements="32" coveredstatements="29" elements="39" coveredelements="35"/>
      </file>
      <file name="/Users/Dion/www/sexy-field/sexy-field/src/Command/UpdateFieldTypeCommand.php">
        <class name="UpdateFieldTypeCommand" namespace="Tardigrades\Command">
          <metrics complexity="13" methods="9" coveredmethods="5" conditionals="0" coveredconditionals="0" statements="48" coveredstatements="40" elements="57" coveredelements="45"/>
        </class>
        <line num="35" type="method" name="__construct" visibility="public" complexity="1" crap="1" count="1"/>
        <line num="38" type="stmt" count="1"/>
        <line num="40" type="stmt" count="1"/>
        <line num="41" type="stmt" count="1"/>
        <line num="43" type="method" name="configure" visibility="protected" complexity="1" crap="1" count="1"/>
        <line num="46" type="stmt" count="1"/>
        <line num="47" type="stmt" count="1"/>
        <line num="49" type="stmt" count="1"/>
        <line num="51" type="method" name="execute" visibility="protected" complexity="1" crap="1" count="1"/>
        <line num="53" type="stmt" count="1"/>
        <line num="55" type="stmt" count="1"/>
        <line num="56" type="stmt" count="1"/>
        <line num="58" type="method" name="showInstalledFieldTypes" visibility="private" complexity="1" crap="1" count="1"/>
        <line num="60" type="stmt" count="1"/>
        <line num="62" type="stmt" count="1"/>
        <line num="63" type="stmt" count="1"/>
        <line num="64" type="stmt" count="1"/>
        <line num="66" type="method" name="getFieldType" visibility="private" complexity="2" crap="2.31" count="1"/>
        <line num="68" type="stmt" count="1"/>
        <line num="71" type="stmt" count="1"/>
        <line num="72" type="stmt" count="0"/>
        <line num="73" type="stmt" count="0"/>
        <line num="75" type="stmt" count="0"/>
        <line num="76" type="stmt" count="1"/>
        <line num="78" type="stmt" count="1"/>
        <line num="81" type="method" name="getNamespace" visibility="private" complexity="2" crap="2" count="1"/>
        <line num="86" type="stmt" count="1"/>
        <line num="88" type="stmt" count="1"/>
        <line num="89" type="stmt" count="1"/>
        <line num="91" type="method" name="anonymous function" complexity="2" crap="2.50" count="1"/>
        <line num="93" type="stmt" count="1"/>
        <line num="94" type="stmt" count="0"/>
        <line num="95" type="stmt" count="0"/>
        <line num="97" type="stmt" count="1"/>
        <line num="99" type="stmt" count="1"/>
        <line num="102" type="method" name="updateWhatRecord" visibility="private" complexity="2" crap="2.02" count="1"/>
        <line num="104" type="stmt" count="1"/>
        <line num="105" type="stmt" count="1"/>
        <line num="107" type="stmt" count="1"/>
        <line num="109" type="stmt" count="1"/>
        <line num="110" type="stmt" count="1"/>
        <line num="111" type="stmt" count="1"/>
        <line num="114" type="stmt" count="1"/>
        <line num="116" type="stmt" count="1"/>
        <line num="117" type="stmt" count="0"/>
        <line num="118" type="stmt" count="0"/>
        <line num="121" type="stmt" count="1"/>
        <line num="122" type="stmt" count="1"/>
        <line num="124" type="method" name="updateRecord" visibility="private" complexity="1" crap="1.00" count="1"/>
        <line num="130" type="stmt" count="1"/>
        <line num="131" type="stmt" count="1"/>
        <line num="132" type="stmt" count="1"/>
        <line num="133" type="stmt" count="1"/>
        <line num="134" type="stmt" count="0"/>
        <line num="135" type="stmt" count="1"/>
        <line num="136" type="stmt" count="1"/>
        <line num="139" type="stmt" count="1"/>
        <line num="140" type="stmt" count="1"/>
        <metrics loc="141" ncloc="131" classes="1" methods="9" coveredmethods="5" conditionals="0" coveredconditionals="0" statements="49" coveredstatements="41" elements="58" coveredelements="46"/>
      </file>
      <file name="/Users/Dion/www/sexy-field/sexy-field/src/Command/UpdateLanguageCommand.php">
        <class name="UpdateLanguageCommand" namespace="Tardigrades\Command">
          <metrics complexity="4" methods="3" coveredmethods="3" conditionals="0" coveredconditionals="0" statements="16" coveredstatements="16" elements="19" coveredelements="19"/>
        </class>
        <line num="28" type="method" name="__construct" visibility="public" complexity="1" crap="1" count="2"/>
        <line num="31" type="stmt" count="2"/>
        <line num="33" type="stmt" count="2"/>
        <line num="34" type="stmt" count="2"/>
        <line num="36" type="method" name="configure" visibility="protected" complexity="1" crap="1" count="2"/>
        <line num="40" type="stmt" count="2"/>
        <line num="41" type="stmt" count="2"/>
        <line num="42" type="stmt" count="2"/>
        <line num="45" type="stmt" count="2"/>
        <line num="47" type="method" name="execute" visibility="protected" complexity="2" crap="2" count="2"/>
        <line num="50" type="stmt" count="2"/>
        <line num="51" type="stmt" count="2"/>
        <line num="52" type="stmt" count="2"/>
        <line num="55" type="stmt" count="1"/>
        <line num="56" type="stmt" count="1"/>
        <line num="57" type="stmt" count="1"/>
        <line num="58" type="stmt" count="1"/>
        <line num="61" type="stmt" count="1"/>
        <line num="62" type="stmt" count="1"/>
        <metrics loc="63" ncloc="50" classes="1" methods="3" coveredmethods="3" conditionals="0" coveredconditionals="0" statements="16" coveredstatements="16" elements="19" coveredelements="19"/>
      </file>
      <file name="/Users/Dion/www/sexy-field/sexy-field/src/Command/UpdateSectionCommand.php">
        <class name="UpdateSectionCommand" namespace="Tardigrades\Command">
          <metrics complexity="5" methods="4" coveredmethods="3" conditionals="0" coveredconditionals="0" statements="28" coveredstatements="26" elements="32" coveredelements="29"/>
        </class>
        <line num="26" type="method" name="__construct" visibility="public" complexity="1" crap="1" count="2"/>
        <line num="29" type="stmt" count="2"/>
        <line num="30" type="stmt" count="2"/>
        <line num="32" type="method" name="configure" visibility="protected" complexity="1" crap="1" count="2"/>
        <line num="36" type="stmt" count="2"/>
        <line num="37" type="stmt" count="2"/>
        <line num="38" type="stmt" count="2"/>
        <line num="41" type="stmt" count="2"/>
        <line num="43" type="method" name="execute" visibility="protected" complexity="1" crap="1" count="2"/>
        <line num="45" type="stmt" count="2"/>
        <line num="47" type="stmt" count="2"/>
        <line num="48" type="stmt" count="2"/>
        <line num="49" type="stmt" count="2"/>
        <line num="51" type="method" name="updateWhatRecord" visibility="private" complexity="2" crap="2.01" count="2"/>
        <line num="53" type="stmt" count="2"/>
        <line num="54" type="stmt" count="2"/>
        <line num="57" type="stmt" count="2"/>
        <line num="58" type="stmt" count="2"/>
        <line num="59" type="stmt" count="2"/>
        <line num="63" type="stmt" count="1"/>
        <line num="64" type="stmt" count="0"/>
        <line num="65" type="stmt" count="0"/>
        <line num="66" type="stmt" count="1"/>
        <line num="67" type="stmt" count="1"/>
        <line num="68" type="stmt" count="1"/>
        <line num="72" type="stmt" count="1"/>
        <line num="73" type="stmt" count="1"/>
        <line num="74" type="stmt" count="1"/>
        <line num="75" type="stmt" count="1"/>
        <line num="78" type="stmt" count="1"/>
        <line num="79" type="stmt" count="1"/>
        <line num="80" type="stmt" count="1"/>
        <metrics loc="81" ncloc="69" classes="1" methods="4" coveredmethods="3" conditionals="0" coveredconditionals="0" statements="28" coveredstatements="26" elements="32" coveredelements="29"/>
      </file>
    </package>
    <package name="Tardigrades\DependencyInjection">
      <file name="/Users/Dion/www/sexy-field/sexy-field/src/DependencyInjection/SexyFieldExtension.php">
        <class name="SexyFieldExtension" namespace="Tardigrades\DependencyInjection">
          <metrics complexity="1" methods="1" coveredmethods="0" conditionals="0" coveredconditionals="0" statements="7" coveredstatements="0" elements="8" coveredelements="0"/>
        </class>
        <line num="23" type="method" name="load" visibility="public" complexity="1" crap="2" count="0"/>
        <line num="25" type="stmt" count="0"/>
        <line num="26" type="stmt" count="0"/>
        <line num="27" type="stmt" count="0"/>
        <line num="28" type="stmt" count="0"/>
        <line num="32" type="stmt" count="0"/>
        <line num="33" type="stmt" count="0"/>
        <line num="34" type="stmt" count="0"/>
        <metrics loc="35" ncloc="27" classes="1" methods="1" coveredmethods="0" conditionals="0" coveredconditionals="0" statements="7" coveredstatements="0" elements="8" coveredelements="0"/>
      </file>
    </package>
    <package name="Tardigrades\Entity">
      <file name="/Users/Dion/www/sexy-field/sexy-field/src/Entity/Application.php">
        <class name="Application" namespace="Tardigrades\Entity">
          <metrics complexity="39" methods="22" coveredmethods="22" conditionals="0" coveredconditionals="0" statements="44" coveredstatements="44" elements="66" coveredelements="66"/>
        </class>
        <line num="47" type="method" name="__construct" visibility="public" complexity="3" crap="3" count="19"/>
        <line num="51" type="stmt" count="19"/>
        <line num="52" type="stmt" count="19"/>
        <line num="53" type="stmt" count="19"/>
        <line num="55" type="method" name="setId" visibility="public" complexity="1" crap="1" count="1"/>
        <line num="57" type="stmt" count="1"/>
        <line num="59" type="stmt" count="1"/>
        <line num="62" type="method" name="getId" visibility="public" complexity="2" crap="2" count="2"/>
        <line num="64" type="stmt" count="2"/>
        <line num="67" type="method" name="getIdValueObject" visibility="public" complexity="3" crap="3" count="1"/>
        <line num="69" type="stmt" count="1"/>
        <line num="72" type="method" name="setName" visibility="public" complexity="1" crap="1" count="1"/>
        <line num="74" type="stmt" count="1"/>
        <line num="76" type="stmt" count="1"/>
        <line num="79" type="method" name="getName" visibility="public" complexity="1" crap="1" count="1"/>
        <line num="81" type="stmt" count="1"/>
        <line num="84" type="method" name="setHandle" visibility="public" complexity="1" crap="1" count="1"/>
        <line num="86" type="stmt" count="1"/>
        <line num="88" type="stmt" count="1"/>
        <line num="91" type="method" name="getHandle" visibility="public" complexity="1" crap="1" count="1"/>
        <line num="93" type="stmt" count="1"/>
        <line num="96" type="method" name="getLanguages" visibility="public" complexity="1" crap="1" count="3"/>
        <line num="98" type="stmt" count="3"/>
        <line num="101" type="method" name="addLanguage" visibility="public" complexity="2" crap="2" count="3"/>
        <line num="103" type="stmt" count="3"/>
        <line num="104" type="stmt" count="1"/>
        <line num="106" type="stmt" count="3"/>
        <line num="108" type="stmt" count="3"/>
        <line num="111" type="method" name="removeLanguage" visibility="public" complexity="2" crap="2" count="2"/>
        <line num="113" type="stmt" count="2"/>
        <line num="114" type="stmt" count="1"/>
        <line num="116" type="stmt" count="1"/>
        <line num="118" type="stmt" count="1"/>
        <line num="121" type="method" name="getSections" visibility="public" complexity="1" crap="1" count="3"/>
        <line num="123" type="stmt" count="3"/>
        <line num="126" type="method" name="addSection" visibility="public" complexity="2" crap="2" count="3"/>
        <line num="128" type="stmt" count="3"/>
        <line num="129" type="stmt" count="1"/>
        <line num="131" type="stmt" count="3"/>
        <line num="133" type="stmt" count="3"/>
        <line num="136" type="method" name="removeSection" visibility="public" complexity="2" crap="2" count="2"/>
        <line num="138" type="stmt" count="2"/>
        <line num="139" type="stmt" count="1"/>
        <line num="141" type="stmt" count="1"/>
        <line num="143" type="stmt" count="1"/>
        <line num="146" type="method" name="setCreated" visibility="public" complexity="1" crap="1" count="1"/>
        <line num="148" type="stmt" count="1"/>
        <line num="150" type="stmt" count="1"/>
        <line num="153" type="method" name="getCreated" visibility="public" complexity="3" crap="3" count="1"/>
        <line num="155" type="stmt" count="1"/>
        <line num="158" type="method" name="getCreatedValueObject" visibility="public" complexity="3" crap="3" count="1"/>
        <line num="160" type="stmt" count="1"/>
        <line num="163" type="method" name="setUpdated" visibility="public" complexity="1" crap="1" count="1"/>
        <line num="165" type="stmt" count="1"/>
        <line num="167" type="stmt" count="1"/>
        <line num="170" type="method" name="getUpdated" visibility="public" complexity="3" crap="3" count="1"/>
        <line num="172" type="stmt" count="1"/>
        <line num="175" type="method" name="getUpdatedValueObject" visibility="public" complexity="3" crap="3" count="1"/>
        <line num="177" type="stmt" count="1"/>
        <line num="180" type="method" name="onPrePersist" visibility="public" complexity="1" crap="1" count="1"/>
        <line num="182" type="stmt" count="1"/>
        <line num="183" type="stmt" count="1"/>
        <line num="184" type="stmt" count="1"/>
        <line num="186" type="method" name="onPreUpdate" visibility="public" complexity="1" crap="1" count="1"/>
        <line num="188" type="stmt" count="1"/>
        <line num="189" type="stmt" count="1"/>
        <metrics loc="190" ncloc="175" classes="1" methods="22" coveredmethods="22" conditionals="0" coveredconditionals="0" statements="44" coveredstatements="44" elements="66" coveredelements="66"/>
      </file>
      <file name="/Users/Dion/www/sexy-field/sexy-field/src/Entity/Field.php">
        <class name="Field" namespace="Tardigrades\Entity">
          <metrics complexity="28" methods="24" coveredmethods="24" conditionals="0" coveredconditionals="0" statements="44" coveredstatements="44" elements="68" coveredelements="68"/>
        </class>
        <line num="51" type="method" name="__construct" visibility="public" complexity="2" crap="2" count="23"/>
        <line num="54" type="stmt" count="23"/>
        <line num="55" type="stmt" count="23"/>
        <line num="57" type="method" name="getId" visibility="public" complexity="2" crap="2" count="2"/>
        <line num="59" type="stmt" count="2"/>
        <line num="62" type="method" name="setId" visibility="public" complexity="1" crap="1" count="1"/>
        <line num="64" type="stmt" count="1"/>
        <line num="66" type="stmt" count="1"/>
        <line num="69" type="method" name="getName" visibility="public" complexity="1" crap="1" count="1"/>
        <line num="71" type="stmt" count="1"/>
        <line num="74" type="method" name="setName" visibility="public" complexity="1" crap="1" count="1"/>
        <line num="76" type="stmt" count="1"/>
        <line num="78" type="stmt" count="1"/>
        <line num="81" type="method" name="setHandle" visibility="public" complexity="1" crap="1" count="1"/>
        <line num="83" type="stmt" count="1"/>
        <line num="85" type="stmt" count="1"/>
        <line num="88" type="method" name="getHandle" visibility="public" complexity="1" crap="1" count="1"/>
        <line num="90" type="stmt" count="1"/>
        <line num="93" type="method" name="getIdValueObject" visibility="public" complexity="1" crap="1" count="1"/>
        <line num="95" type="stmt" count="1"/>
        <line num="98" type="method" name="addSection" visibility="public" complexity="2" crap="2" count="2"/>
        <line num="100" type="stmt" count="2"/>
        <line num="101" type="stmt" count="1"/>
        <line num="103" type="stmt" count="2"/>
        <line num="104" type="stmt" count="2"/>
        <line num="106" type="stmt" count="2"/>
        <line num="109" type="method" name="removeSection" visibility="public" complexity="2" crap="2" count="2"/>
        <line num="111" type="stmt" count="2"/>
        <line num="112" type="stmt" count="1"/>
        <line num="114" type="stmt" count="1"/>
        <line num="115" type="stmt" count="1"/>
        <line num="117" type="stmt" count="1"/>
        <line num="120" type="method" name="getSections" visibility="public" complexity="1" crap="1" count="1"/>
        <line num="122" type="stmt" count="1"/>
        <line num="125" type="method" name="setFieldType" visibility="public" complexity="1" crap="1" count="1"/>
        <line num="127" type="stmt" count="1"/>
        <line num="129" type="stmt" count="1"/>
        <line num="132" type="method" name="removeFieldType" visibility="public" complexity="1" crap="1" count="1"/>
        <line num="134" type="stmt" count="1"/>
        <line num="136" type="stmt" count="1"/>
        <line num="139" type="method" name="getFieldType" visibility="public" complexity="1" crap="1" count="1"/>
        <line num="141" type="stmt" count="1"/>
        <line num="144" type="method" name="setConfig" visibility="public" complexity="1" crap="1" count="1"/>
        <line num="146" type="stmt" count="1"/>
        <line num="148" type="stmt" count="1"/>
        <line num="151" type="method" name="getConfig" visibility="public" complexity="1" crap="1" count="1"/>
        <line num="153" type="stmt" count="1"/>
        <line num="156" type="method" name="setCreated" visibility="public" complexity="1" crap="1" count="1"/>
        <line num="158" type="stmt" count="1"/>
        <line num="160" type="stmt" count="1"/>
        <line num="163" type="method" name="getCreated" visibility="public" complexity="1" crap="1" count="1"/>
        <line num="165" type="stmt" count="1"/>
        <line num="168" type="method" name="getCreatedValueObject" visibility="public" complexity="1" crap="1" count="1"/>
        <line num="170" type="stmt" count="1"/>
        <line num="173" type="method" name="setUpdated" visibility="public" complexity="1" crap="1" count="1"/>
        <line num="175" type="stmt" count="1"/>
        <line num="177" type="stmt" count="1"/>
        <line num="180" type="method" name="getUpdated" visibility="public" complexity="1" crap="1" count="1"/>
        <line num="182" type="stmt" count="1"/>
        <line num="185" type="method" name="getUpdatedValueObject" visibility="public" complexity="1" crap="1" count="1"/>
        <line num="187" type="stmt" count="1"/>
        <line num="190" type="method" name="onPrePersist" visibility="public" complexity="1" crap="1" count="1"/>
        <line num="192" type="stmt" count="1"/>
        <line num="193" type="stmt" count="1"/>
        <line num="194" type="stmt" count="1"/>
        <line num="196" type="method" name="onPreUpdate" visibility="public" complexity="1" crap="1" count="1"/>
        <line num="198" type="stmt" count="1"/>
        <line num="199" type="stmt" count="1"/>
        <metrics loc="200" ncloc="184" classes="1" methods="24" coveredmethods="24" conditionals="0" coveredconditionals="0" statements="44" coveredstatements="44" elements="68" coveredelements="68"/>
      </file>
      <file name="/Users/Dion/www/sexy-field/sexy-field/src/Entity/FieldType.php">
        <class name="FieldType" namespace="Tardigrades\Entity">
          <metrics complexity="26" methods="22" coveredmethods="22" conditionals="0" coveredconditionals="0" statements="39" coveredstatements="39" elements="61" coveredelements="61"/>
        </class>
        <line num="45" type="method" name="__construct" visibility="public" complexity="2" crap="2" count="19"/>
        <line num="48" type="stmt" count="19"/>
        <line num="49" type="stmt" count="19"/>
        <line num="51" type="method" name="setId" visibility="public" complexity="1" crap="1" count="1"/>
        <line num="53" type="stmt" count="1"/>
        <line num="55" type="stmt" count="1"/>
        <line num="58" type="method" name="getId" visibility="public" complexity="2" crap="2" count="2"/>
        <line num="60" type="stmt" count="2"/>
        <line num="63" type="method" name="getIdValueObject" visibility="public" complexity="1" crap="1" count="1"/>
        <line num="65" type="stmt" count="1"/>
        <line num="68" type="method" name="getType" visibility="public" complexity="1" crap="1" count="1"/>
        <line num="70" type="stmt" count="1"/>
        <line num="73" type="method" name="setType" visibility="public" complexity="1" crap="1" count="1"/>
        <line num="75" type="stmt" count="1"/>
        <line num="77" type="stmt" count="1"/>
        <line num="80" type="method" name="addField" visibility="public" complexity="2" crap="2" count="2"/>
        <line num="82" type="stmt" count="2"/>
        <line num="83" type="stmt" count="1"/>
        <line num="85" type="stmt" count="2"/>
        <line num="86" type="stmt" count="2"/>
        <line num="88" type="stmt" count="2"/>
        <line num="91" type="method" name="removeField" visibility="public" complexity="2" crap="2" count="2"/>
        <line num="93" type="stmt" count="2"/>
        <line num="94" type="stmt" count="1"/>
        <line num="96" type="stmt" count="1"/>
        <line num="98" type="stmt" count="1"/>
        <line num="101" type="method" name="getFields" visibility="public" complexity="1" crap="1" count="1"/>
        <line num="103" type="stmt" count="1"/>
        <line num="106" type="method" name="hasFields" visibility="public" complexity="1" crap="1" count="1"/>
        <line num="108" type="stmt" count="1"/>
        <line num="111" type="method" name="setFullyQualifiedClassName" visibility="public" complexity="1" crap="1" count="1"/>
        <line num="113" type="stmt" count="1"/>
        <line num="115" type="stmt" count="1"/>
        <line num="118" type="method" name="getFullyQualifiedClassName" visibility="public" complexity="1" crap="1" count="1"/>
        <line num="120" type="stmt" count="1"/>
        <line num="123" type="method" name="getName" visibility="public" complexity="1" crap="1" count="1"/>
        <line num="125" type="stmt" count="1"/>
        <line num="128" type="method" name="setName" visibility="public" complexity="1" crap="1" count="1"/>
        <line num="130" type="stmt" count="1"/>
        <line num="132" type="stmt" count="1"/>
        <line num="135" type="method" name="setCreated" visibility="public" complexity="1" crap="1" count="1"/>
        <line num="137" type="stmt" count="1"/>
        <line num="139" type="stmt" count="1"/>
        <line num="142" type="method" name="getCreated" visibility="public" complexity="1" crap="1" count="1"/>
        <line num="144" type="stmt" count="1"/>
        <line num="147" type="method" name="getCreatedValueObject" visibility="public" complexity="1" crap="1" count="1"/>
        <line num="149" type="stmt" count="1"/>
        <line num="152" type="method" name="setUpdated" visibility="public" complexity="1" crap="1" count="1"/>
        <line num="154" type="stmt" count="1"/>
        <line num="156" type="stmt" count="1"/>
        <line num="159" type="method" name="getUpdated" visibility="public" complexity="1" crap="1" count="1"/>
        <line num="161" type="stmt" count="1"/>
        <line num="164" type="method" name="getUpdatedValueObject" visibility="public" complexity="1" crap="1" count="1"/>
        <line num="166" type="stmt" count="1"/>
        <line num="169" type="method" name="onPrePersist" visibility="public" complexity="1" crap="1" count="1"/>
        <line num="171" type="stmt" count="1"/>
        <line num="172" type="stmt" count="1"/>
        <line num="173" type="stmt" count="1"/>
        <line num="175" type="method" name="onPreUpdate" visibility="public" complexity="1" crap="1" count="1"/>
        <line num="177" type="stmt" count="1"/>
        <line num="178" type="stmt" count="1"/>
        <metrics loc="179" ncloc="165" classes="1" methods="22" coveredmethods="22" conditionals="0" coveredconditionals="0" statements="39" coveredstatements="39" elements="61" coveredelements="61"/>
      </file>
      <file name="/Users/Dion/www/sexy-field/sexy-field/src/Entity/Language.php">
        <class name="Language" namespace="Tardigrades\Entity">
          <metrics complexity="21" methods="17" coveredmethods="17" conditionals="0" coveredconditionals="0" statements="31" coveredstatements="31" elements="48" coveredelements="48"/>
        </class>
        <line num="40" type="method" name="__construct" visibility="public" complexity="2" crap="2" count="15"/>
        <line num="43" type="stmt" count="15"/>
        <line num="44" type="stmt" count="15"/>
        <line num="46" type="method" name="setId" visibility="public" complexity="1" crap="1" count="1"/>
        <line num="48" type="stmt" count="1"/>
        <line num="50" type="stmt" count="1"/>
        <line num="53" type="method" name="getId" visibility="public" complexity="2" crap="2" count="2"/>
        <line num="55" type="stmt" count="2"/>
        <line num="58" type="method" name="getIdValueObject" visibility="public" complexity="1" crap="1" count="1"/>
        <line num="60" type="stmt" count="1"/>
        <line num="63" type="method" name="setI18n" visibility="public" complexity="1" crap="1" count="1"/>
        <line num="65" type="stmt" count="1"/>
        <line num="67" type="stmt" count="1"/>
        <line num="70" type="method" name="getI18n" visibility="public" complexity="1" crap="1" count="1"/>
        <line num="72" type="stmt" count="1"/>
        <line num="75" type="method" name="addApplication" visibility="public" complexity="2" crap="2" count="3"/>
        <line num="77" type="stmt" count="3"/>
        <line num="78" type="stmt" count="1"/>
        <line num="80" type="stmt" count="3"/>
        <line num="82" type="stmt" count="3"/>
        <line num="85" type="method" name="getApplications" visibility="public" complexity="1" crap="1" count="3"/>
        <line num="87" type="stmt" count="3"/>
        <line num="90" type="method" name="removeApplication" visibility="public" complexity="2" crap="2" count="2"/>
        <line num="92" type="stmt" count="2"/>
        <line num="93" type="stmt" count="1"/>
        <line num="95" type="stmt" count="1"/>
        <line num="97" type="stmt" count="1"/>
        <line num="100" type="method" name="setCreated" visibility="public" complexity="1" crap="1" count="1"/>
        <line num="102" type="stmt" count="1"/>
        <line num="104" type="stmt" count="1"/>
        <line num="107" type="method" name="getCreated" visibility="public" complexity="1" crap="1" count="1"/>
        <line num="109" type="stmt" count="1"/>
        <line num="112" type="method" name="getCreatedValueObject" visibility="public" complexity="1" crap="1" count="1"/>
        <line num="114" type="stmt" count="1"/>
        <line num="117" type="method" name="setUpdated" visibility="public" complexity="1" crap="1" count="1"/>
        <line num="119" type="stmt" count="1"/>
        <line num="121" type="stmt" count="1"/>
        <line num="124" type="method" name="getUpdated" visibility="public" complexity="1" crap="1" count="1"/>
        <line num="126" type="stmt" count="1"/>
        <line num="129" type="method" name="getUpdatedValueObject" visibility="public" complexity="1" crap="1" count="1"/>
        <line num="131" type="stmt" count="1"/>
        <line num="134" type="method" name="onPrePersist" visibility="public" complexity="1" crap="1" count="1"/>
        <line num="136" type="stmt" count="1"/>
        <line num="137" type="stmt" count="1"/>
        <line num="138" type="stmt" count="1"/>
        <line num="140" type="method" name="onPreUpdate" visibility="public" complexity="1" crap="1" count="1"/>
        <line num="142" type="stmt" count="1"/>
        <line num="143" type="stmt" count="1"/>
        <metrics loc="144" ncloc="131" classes="1" methods="17" coveredmethods="17" conditionals="0" coveredconditionals="0" statements="31" coveredstatements="31" elements="48" coveredelements="48"/>
      </file>
      <file name="/Users/Dion/www/sexy-field/sexy-field/src/Entity/Section.php">
        <class name="Section" namespace="Tardigrades\Entity">
          <metrics complexity="11" methods="6" coveredmethods="6" conditionals="0" coveredconditionals="0" statements="20" coveredstatements="20" elements="26" coveredelements="26"/>
        </class>
        <line num="31" type="method" name="__construct" visibility="public" complexity="4" crap="4" count="31"/>
        <line num="36" type="stmt" count="31"/>
        <line num="37" type="stmt" count="31"/>
        <line num="38" type="stmt" count="31"/>
        <line num="41" type="stmt" count="31"/>
        <line num="42" type="stmt" count="31"/>
        <line num="44" type="method" name="getHistory" visibility="public" complexity="1" crap="1" count="1"/>
        <line num="46" type="stmt" count="1"/>
        <line num="49" type="method" name="addHistory" visibility="public" complexity="2" crap="2" count="2"/>
        <line num="51" type="stmt" count="2"/>
        <line num="52" type="stmt" count="1"/>
        <line num="54" type="stmt" count="2"/>
        <line num="55" type="stmt" count="2"/>
        <line num="57" type="stmt" count="2"/>
        <line num="60" type="method" name="removeHistory" visibility="public" complexity="2" crap="2" count="2"/>
        <line num="62" type="stmt" count="2"/>
        <line num="63" type="stmt" count="1"/>
        <line num="65" type="stmt" count="1"/>
        <line num="67" type="stmt" count="1"/>
        <line num="70" type="method" name="onPrePersist" visibility="public" complexity="1" crap="1" count="1"/>
        <line num="72" type="stmt" count="1"/>
        <line num="73" type="stmt" count="1"/>
        <line num="74" type="stmt" count="1"/>
        <line num="76" type="method" name="onPreUpdate" visibility="public" complexity="1" crap="1" count="1"/>
        <line num="78" type="stmt" count="1"/>
        <line num="79" type="stmt" count="1"/>
        <metrics loc="80" ncloc="71" classes="1" methods="6" coveredmethods="6" conditionals="0" coveredconditionals="0" statements="20" coveredstatements="20" elements="26" coveredelements="26"/>
      </file>
      <file name="/Users/Dion/www/sexy-field/sexy-field/src/Entity/SectionBase.php">
        <class name="SectionBase" namespace="Tardigrades\Entity">
          <metrics complexity="35" methods="27" coveredmethods="25" conditionals="0" coveredconditionals="0" statements="56" coveredstatements="51" elements="83" coveredelements="76"/>
        </class>
        <line num="55" type="method" name="__construct" visibility="public" complexity="3" crap="3" count="28"/>
        <line num="59" type="stmt" count="28"/>
        <line num="60" type="stmt" count="28"/>
        <line num="61" type="stmt" count="28"/>
        <line num="63" type="method" name="setId" visibility="public" complexity="1" crap="1" count="2"/>
        <line num="65" type="stmt" count="2"/>
        <line num="67" type="stmt" count="2"/>
[...]
        <line num="93" type="method" name="getUpdatedField" visibility="public" complexity="2" crap="2" count="3"/>
        <line num="96" type="stmt" count="3"/>
        <line num="97" type="stmt" count="2"/>
        <line num="98" type="stmt" count="2"/>
        <line num="99" type="stmt" count="1"/>
        <line num="100" type="stmt" count="2"/>
        <line num="101" type="stmt" count="2"/>
        <line num="105" type="method" name="getGeneratorConfig" visibility="public" complexity="1" crap="1" count="1"/>
        <line num="107" type="stmt" count="1"/>
        <line num="110" type="method" name="getDefault" visibility="public" complexity="1" crap="1" count="1"/>
        <line num="112" type="stmt" count="1"/>
        <line num="115" type="method" name="getNamespace" visibility="public" complexity="1" crap="1" count="1"/>
        <line num="117" type="stmt" count="1"/>
        <line num="120" type="method" name="getFullyQualifiedClassName" visibility="public" complexity="1" crap="1" count="1"/>
        <line num="122" type="stmt" count="1"/>
        <line num="123" type="stmt" count="1"/>
        <line num="124" type="stmt" count="1"/>
        <line num="128" type="method" name="__toString" visibility="public" complexity="1" crap="1" count="1"/>
        <line num="130" type="stmt" count="1"/>
        <line num="133" type="method" name="fromArray" visibility="public" complexity="1" crap="1" count="17"/>
        <line num="135" type="stmt" count="17"/>
        <metrics loc="137" ncloc="128" classes="1" methods="15" coveredmethods="15" conditionals="0" coveredconditionals="0" statements="46" coveredstatements="46" elements="61" coveredelements="61"/>
      </file>
      <file name="/Users/Dion/www/sexy-field/sexy-field/src/SectionField/ValueObject/SectionFormOptions.php">
        <class name="SectionFormOptions" namespace="Tardigrades\SectionField\ValueObject">
          <metrics complexity="5" methods="5" coveredmethods="5" conditionals="0" coveredconditionals="0" statements="13" coveredstatements="13" elements="18" coveredelements="18"/>
        </class>
        <line num="23" type="method" name="__construct" visibility="private" complexity="1" crap="1" count="9"/>
        <line num="25" type="stmt" count="9"/>
        <line num="26" type="stmt" count="9"/>
        <line num="28" type="method" name="getId" visibility="public" complexity="1" crap="1" count="3"/>
        <line num="30" type="stmt" count="3"/>
        <line num="31" type="stmt" count="2"/>
        <line num="33" type="stmt" count="1"/>
        <line num="36" type="method" name="getSlug" visibility="public" complexity="1" crap="1" count="4"/>
        <line num="38" type="stmt" count="4"/>
        <line num="39" type="stmt" count="3"/>
        <line num="40" type="stmt" count="2"/>
        <line num="42" type="stmt" count="1"/>
        <line num="45" type="method" name="getRedirect" visibility="public" complexity="1" crap="1" count="3"/>
        <line num="47" type="stmt" count="3"/>
        <line num="48" type="stmt" count="2"/>
        <line num="50" type="stmt" count="1"/>
        <line num="53" type="method" name="fromArray" visibility="public" complexity="1" crap="1" count="9"/>
        <line num="55" type="stmt" count="9"/>
        <metrics loc="57" ncloc="48" classes="1" methods="5" coveredmethods="5" conditionals="0" coveredconditionals="0" statements="13" coveredstatements="13" elements="18" coveredelements="18"/>
      </file>
      <file name="/Users/Dion/www/sexy-field/sexy-field/src/SectionField/ValueObject/SectionNamespace.php">
        <class name="SectionNamespace" namespace="Tardigrades\SectionField\ValueObject">
          <metrics complexity="3" methods="3" coveredmethods="3" conditionals="0" coveredconditionals="0" statements="4" coveredstatements="4" elements="7" coveredelements="7"/>
        </class>
        <line num="21" type="method" name="__construct" visibility="private" complexity="1" crap="1" count="2"/>
        <line num="23" type="stmt" count="2"/>
        <line num="24" type="stmt" count="2"/>
        <line num="26" type="method" name="__toString" visibility="public" complexity="1" crap="1" count="1"/>
        <line num="28" type="stmt" count="1"/>
        <line num="31" type="method" name="fromString" visibility="public" complexity="1" crap="1" count="1"/>
        <line num="33" type="stmt" count="1"/>
        <metrics loc="35" ncloc="26" classes="1" methods="3" coveredmethods="3" conditionals="0" coveredconditionals="0" statements="4" coveredstatements="4" elements="7" coveredelements="7"/>
      </file>
      <file name="/Users/Dion/www/sexy-field/sexy-field/src/SectionField/ValueObject/Slug.php">
        <class name="Slug" namespace="Tardigrades\SectionField\ValueObject">
          <metrics complexity="5" methods="5" coveredmethods="5" conditionals="0" coveredconditionals="0" statements="7" coveredstatements="7" elements="12" coveredelements="12"/>
        </class>
        <line num="23" type="method" name="__construct" visibility="public" complexity="1" crap="1" count="3"/>
        <line num="25" type="stmt" count="3"/>
        <line num="27" type="stmt" count="2"/>
        <line num="28" type="stmt" count="2"/>
        <line num="30" type="method" name="toArray" visibility="public" complexity="1" crap="1" count="1"/>
        <line num="32" type="stmt" count="1"/>
        <line num="35" type="method" name="__toString" visibility="public" complexity="1" crap="1" count="2"/>
        <line num="37" type="stmt" count="2"/>
        <line num="40" type="method" name="create" visibility="public" complexity="1" crap="1" count="2"/>
        <line num="42" type="stmt" count="2"/>
        <line num="45" type="method" name="fromString" visibility="public" complexity="1" crap="1" count="1"/>
        <line num="47" type="stmt" count="1"/>
        <metrics loc="49" ncloc="40" classes="1" methods="5" coveredmethods="5" conditionals="0" coveredconditionals="0" statements="7" coveredstatements="7" elements="12" coveredelements="12"/>
      </file>
      <file name="/Users/Dion/www/sexy-field/sexy-field/src/SectionField/ValueObject/SlugField.php">
        <class name="SlugField" namespace="Tardigrades\SectionField\ValueObject">
          <metrics complexity="3" methods="3" coveredmethods="3" conditionals="0" coveredconditionals="0" statements="5" coveredstatements="5" elements="8" coveredelements="8"/>
        </class>
        <line num="23" type="method" name="__construct" visibility="private" complexity="1" crap="1" count="2"/>
        <line num="25" type="stmt" count="2"/>
        <line num="27" type="stmt" count="1"/>
        <line num="28" type="stmt" count="1"/>
        <line num="30" type="method" name="__toString" visibility="public" complexity="1" crap="1" count="1"/>
        <line num="32" type="stmt" count="1"/>
        <line num="35" type="method" name="fromString" visibility="public" complexity="1" crap="1" count="2"/>
        <line num="37" type="stmt" count="2"/>
        <metrics loc="39" ncloc="30" classes="1" methods="3" coveredmethods="3" conditionals="0" coveredconditionals="0" statements="5" coveredstatements="5" elements="8" coveredelements="8"/>
      </file>
      <file name="/Users/Dion/www/sexy-field/sexy-field/src/SectionField/ValueObject/Sort.php">
        <class name="Sort" namespace="Tardigrades\SectionField\ValueObject">
          <metrics complexity="3" methods="3" coveredmethods="3" conditionals="0" coveredconditionals="0" statements="5" coveredstatements="5" elements="8" coveredelements="8"/>
        </class>
        <line num="26" type="method" name="__construct" visibility="private" complexity="1" crap="1" count="4"/>
        <line num="28" type="stmt" count="4"/>
        <line num="30" type="stmt" count="1"/>
        <line num="31" type="stmt" count="1"/>
        <line num="33" type="method" name="__toString" visibility="public" complexity="1" crap="1" count="1"/>
        <line num="35" type="stmt" count="1"/>
        <line num="38" type="method" name="fromString" visibility="public" complexity="1" crap="1" count="4"/>
        <line num="40" type="stmt" count="4"/>
        <metrics loc="42" ncloc="33" classes="1" methods="3" coveredmethods="3" conditionals="0" coveredconditionals="0" statements="5" coveredstatements="5" elements="8" coveredelements="8"/>
      </file>
      <file name="/Users/Dion/www/sexy-field/sexy-field/src/SectionField/ValueObject/Text.php">
        <class name="Text" namespace="Tardigrades\SectionField\ValueObject">
          <metrics complexity="3" methods="3" coveredmethods="3" conditionals="0" coveredconditionals="0" statements="5" coveredstatements="5" elements="8" coveredelements="8"/>
        </class>
        <line num="23" type="method" name="__construct" visibility="private" complexity="1" crap="1" count="3"/>
        <line num="25" type="stmt" count="3"/>
        <line num="26" type="stmt" count="2"/>
        <line num="27" type="stmt" count="2"/>
        <line num="29" type="method" name="__toString" visibility="public" complexity="1" crap="1" count="1"/>
        <line num="31" type="stmt" count="1"/>
        <line num="34" type="method" name="fromString" visibility="public" complexity="1" crap="1" count="2"/>
        <line num="36" type="stmt" count="2"/>
        <metrics loc="38" ncloc="29" classes="1" methods="3" coveredmethods="3" conditionals="0" coveredconditionals="0" statements="5" coveredstatements="5" elements="8" coveredelements="8"/>
      </file>
      <file name="/Users/Dion/www/sexy-field/sexy-field/src/SectionField/ValueObject/Type.php">
        <class name="Type" namespace="Tardigrades\SectionField\ValueObject">
          <metrics complexity="3" methods="3" coveredmethods="3" conditionals="0" coveredconditionals="0" statements="4" coveredstatements="4" elements="7" coveredelements="7"/>
        </class>
        <line num="25" type="method" name="__construct" visibility="private" complexity="1" crap="1" count="1"/>
        <line num="27" type="stmt" count="1"/>
        <line num="28" type="stmt" count="1"/>
        <line num="30" type="method" name="__toString" visibility="public" complexity="1" crap="1" count="1"/>
        <line num="32" type="stmt" count="1"/>
        <line num="35" type="method" name="fromString" visibility="public" complexity="1" crap="1" count="1"/>
        <line num="37" type="stmt" count="1"/>
        <metrics loc="39" ncloc="28" classes="1" methods="3" coveredmethods="3" conditionals="0" coveredconditionals="0" statements="4" coveredstatements="4" elements="7" coveredelements="7"/>
      </file>
      <file name="/Users/Dion/www/sexy-field/sexy-field/src/SectionField/ValueObject/Updated.php">
        <class name="Updated" namespace="Tardigrades\SectionField\ValueObject">
          <metrics complexity="4" methods="4" coveredmethods="4" conditionals="0" coveredconditionals="0" statements="5" coveredstatements="5" elements="9" coveredelements="9"/>
        </class>
        <line num="21" type="method" name="__construct" visibility="private" complexity="1" crap="1" count="1"/>
        <line num="23" type="stmt" count="1"/>
        <line num="24" type="stmt" count="1"/>
        <line num="26" type="method" name="__toString" visibility="public" complexity="1" crap="1" count="1"/>
        <line num="28" type="stmt" count="1"/>
        <line num="31" type="method" name="getDateTime" visibility="public" complexity="1" crap="1" count="1"/>
        <line num="33" type="stmt" count="1"/>
        <line num="36" type="method" name="fromDateTime" visibility="public" complexity="1" crap="1" count="1"/>
        <line num="38" type="stmt" count="1"/>
        <metrics loc="40" ncloc="31" classes="1" methods="4" coveredmethods="4" conditionals="0" coveredconditionals="0" statements="5" coveredstatements="5" elements="9" coveredelements="9"/>
      </file>
      <file name="/Users/Dion/www/sexy-field/sexy-field/src/SectionField/ValueObject/UpdatedField.php">
        <class name="UpdatedField" namespace="Tardigrades\SectionField\ValueObject">
          <metrics complexity="3" methods="3" coveredmethods="3" conditionals="0" coveredconditionals="0" statements="5" coveredstatements="5" elements="8" coveredelements="8"/>
        </class>
        <line num="23" type="method" name="__construct" visibility="private" complexity="1" crap="1" count="2"/>
        <line num="25" type="stmt" count="2"/>
        <line num="27" type="stmt" count="1"/>
        <line num="28" type="stmt" count="1"/>
        <line num="30" type="method" name="__toString" visibility="public" complexity="1" crap="1" count="1"/>
        <line num="32" type="stmt" count="1"/>
        <line num="35" type="method" name="fromString" visibility="public" complexity="1" crap="1" count="2"/>
        <line num="37" type="stmt" count="2"/>
        <metrics loc="39" ncloc="30" classes="1" methods="3" coveredmethods="3" conditionals="0" coveredconditionals="0" statements="5" coveredstatements="5" elements="8" coveredelements="8"/>
      </file>
      <file name="/Users/Dion/www/sexy-field/sexy-field/src/SectionField/ValueObject/Version.php">
        <class name="Version" namespace="Tardigrades\SectionField\ValueObject">
          <metrics complexity="4" methods="4" coveredmethods="4" conditionals="0" coveredconditionals="0" statements="5" coveredstatements="5" elements="9" coveredelements="9"/>
        </class>
        <line num="21" type="method" name="__construct" visibility="private" complexity="1" crap="1" count="1"/>
        <line num="23" type="stmt" count="1"/>
        <line num="24" type="stmt" count="1"/>
        <line num="26" type="method" name="__toString" visibility="public" complexity="1" crap="1" count="1"/>
        <line num="28" type="stmt" count="1"/>
        <line num="31" type="method" name="toInt" visibility="public" complexity="1" crap="1" count="1"/>
        <line num="33" type="stmt" count="1"/>
        <line num="36" type="method" name="fromInt" visibility="public" complexity="1" crap="1" count="1"/>
        <line num="38" type="stmt" count="1"/>
        <metrics loc="40" ncloc="31" classes="1" methods="4" coveredmethods="4" conditionals="0" coveredconditionals="0" statements="5" coveredstatements="5" elements="9" coveredelements="9"/>
      </file>
      <file name="/Users/Dion/www/sexy-field/sexy-field/src/SectionField/ValueObject/Versioned.php">
        <class name="Versioned" namespace="Tardigrades\SectionField\ValueObject">
          <metrics complexity="4" methods="4" coveredmethods="4" conditionals="0" coveredconditionals="0" statements="5" coveredstatements="5" elements="9" coveredelements="9"/>
        </class>
        <line num="21" type="method" name="__construct" visibility="private" complexity="1" crap="1" count="1"/>
        <line num="23" type="stmt" count="1"/>
        <line num="24" type="stmt" count="1"/>
        <line num="26" type="method" name="__toString" visibility="public" complexity="1" crap="1" count="1"/>
        <line num="28" type="stmt" count="1"/>
        <line num="31" type="method" name="getDateTime" visibility="public" complexity="1" crap="1" count="1"/>
        <line num="33" type="stmt" count="1"/>
        <line num="36" type="method" name="fromDateTime" visibility="public" complexity="1" crap="1" count="1"/>
        <line num="38" type="stmt" count="1"/>
        <metrics loc="40" ncloc="31" classes="1" methods="4" coveredmethods="4" conditionals="0" coveredconditionals="0" statements="5" coveredstatements="5" elements="9" coveredelements="9"/>
      </file>
    </package>
    <package name="Tardigrades\Twig">
      <file name="/Users/Dion/www/sexy-field/sexy-field/src/Twig/SectionTwigExtension.php">
        <class name="SectionTwigExtension" namespace="Tardigrades\Twig">
          <metrics complexity="18" methods="16" coveredmethods="0" conditionals="0" coveredconditionals="0" statements="38" coveredstatements="0" elements="54" coveredelements="0"/>
        </class>
        <line num="33" type="method" name="__construct" visibility="public" complexity="1" crap="2" count="0"/>
        <line num="35" type="stmt" count="0"/>
        <line num="36" type="stmt" count="0"/>
        <line num="38" type="method" name="getFunctions" visibility="public" complexity="1" crap="2" count="0"/>
        <line num="41" type="stmt" count="0"/>
        <line num="56" type="method" name="section" visibility="public" complexity="1" crap="2" count="0"/>
        <line num="58" type="stmt" count="0"/>
        <line num="60" type="stmt" count="0"/>
        <line num="69" type="method" name="limit" visibility="public" complexity="1" crap="2" count="0"/>
        <line num="71" type="stmt" count="0"/>
        <line num="73" type="stmt" count="0"/>
        <line num="82" type="method" name="offset" visibility="public" complexity="1" crap="2" count="0"/>
        <line num="84" type="stmt" count="0"/>
        <line num="86" type="stmt" count="0"/>
        <line num="95" type="method" name="orderBy" visibility="public" complexity="1" crap="2" count="0"/>
        <line num="97" type="stmt" count="0"/>
        <line num="99" type="stmt" count="0"/>
        <line num="110" type="method" name="sort" visibility="public" complexity="1" crap="2" count="0"/>
        <line num="112" type="stmt" count="0"/>
        <line num="114" type="stmt" count="0"/>
        <line num="123" type="method" name="before" visibility="public" complexity="1" crap="2" count="0"/>
        <line num="125" type="stmt" count="0"/>
        <line num="127" type="stmt" count="0"/>
        <line num="136" type="method" name="after" visibility="public" complexity="1" crap="2" count="0"/>
        <line num="138" type="stmt" count="0"/>
        <line num="140" type="stmt" count="0"/>
        <line num="149" type="method" name="localeEnabled" visibility="public" complexity="1" crap="2" count="0"/>
        <line num="151" type="stmt" count="0"/>
        <line num="153" type="stmt" count="0"/>
        <line num="162" type="method" name="locale" visibility="public" complexity="1" crap="2" count="0"/>
        <line num="164" type="stmt" count="0"/>
        <line num="166" type="stmt" count="0"/>
        <line num="175" type="method" name="id" visibility="public" complexity="1" crap="2" count="0"/>
        <line num="177" type="stmt" count="0"/>
        <line num="178" type="stmt" count="0"/>
        <line num="180" type="stmt" count="0"/>
        <line num="189" type="method" name="slug" visibility="public" complexity="1" crap="2" count="0"/>
        <line num="191" type="stmt" count="0"/>
        <line num="192" type="stmt" count="0"/>
        <line num="194" type="stmt" count="0"/>
        <line num="206" type="method" name="search" visibility="public" complexity="1" crap="2" count="0"/>
        <line num="208" type="stmt" count="0"/>
        <line num="210" type="stmt" count="0"/>
        <line num="221" type="method" name="field" visibility="public" complexity="1" crap="2" count="0"/>
        <line num="223" type="stmt" count="0"/>
        <line num="225" type="stmt" count="0"/>
        <line num="232" type="method" name="fetch" visibility="public" complexity="3" crap="12" count="0"/>
        <line num="234" type="stmt" count="0"/>
        <line num="236" type="stmt" count="0"/>
        <line num="238" type="stmt" count="0"/>
        <line num="239" type="stmt" count="0"/>
        <line num="240" type="stmt" count="0"/>
        <line num="243" type="stmt" count="0"/>
        <line num="246" type="stmt" count="0"/>
        <metrics loc="248" ncloc="143" classes="1" methods="16" coveredmethods="0" conditionals="0" coveredconditionals="0" statements="38" coveredstatements="0" elements="54" coveredelements="0"/>
      </file>
    </package>
    <metrics files="140" loc="8885" ncloc="7168" classes="118" methods="569" coveredmethods="492" conditionals="0" coveredconditionals="0" statements="1944" coveredstatements="1627" elements="2513" coveredelements="2119"/>
  </project>
</coverage>
