<?xml version="1.0" encoding="UTF-8"?>
<coverage generated="1613143129">
  <project timestamp="1613143129">
    <file name="/Users/Dion/www/sexy-field/sexy-field/src/Command/ApplicationCommand.php">
      <class name="Tardigrades\Command\ApplicationCommand" namespace="global">
        <metrics complexity="4" methods="1" coveredmethods="1" conditionals="0" coveredconditionals="0" statements="26" coveredstatements="26" elements="27" coveredelements="27"/>
      </class>
      <line num="27" type="method" name="renderTable" visibility="protected" complexity="4" crap="4" count="1"/>
      <line num="29" type="stmt" count="1"/>
      <line num="31" type="stmt" count="1"/>
      <line num="33" type="stmt" count="1"/>
      <line num="34" type="stmt" count="1"/>
      <line num="35" type="stmt" count="1"/>
      <line num="37" type="stmt" count="1"/>
      <line num="38" type="stmt" count="1"/>
      <line num="41" type="stmt" count="1"/>
      <line num="42" type="stmt" count="1"/>
      <line num="44" type="stmt" count="1"/>
      <line num="45" type="stmt" count="1"/>
      <line num="48" type="stmt" count="1"/>
      <line num="49" type="stmt" count="1"/>
      <line num="50" type="stmt" count="1"/>
      <line num="51" type="stmt" count="1"/>
      <line num="52" type="stmt" count="1"/>
      <line num="53" type="stmt" count="1"/>
      <line num="54" type="stmt" count="1"/>
      <line num="55" type="stmt" count="1"/>
      <line num="59" type="stmt" count="1"/>
      <line num="60" type="stmt" count="1"/>
      <line num="61" type="stmt" count="1"/>
      <line num="65" type="stmt" count="1"/>
      <line num="66" type="stmt" count="1"/>
      <line num="68" type="stmt" count="1"/>
      <line num="69" type="stmt" count="1"/>
      <metrics loc="70" ncloc="59" classes="1" methods="1" coveredmethods="1" conditionals="0" coveredconditionals="0" statements="26" coveredstatements="26" elements="27" coveredelements="27"/>
    </file>
    <file name="/Users/Dion/www/sexy-field/sexy-field/src/Command/CreateApplicationCommand.php">
      <class name="Tardigrades\Command\CreateApplicationCommand" namespace="global">
        <metrics complexity="4" methods="3" coveredmethods="3" conditionals="0" coveredconditionals="0" statements="16" coveredstatements="16" elements="19" coveredelements="19"/>
      </class>
      <line num="26" type="method" name="__construct" visibility="public" complexity="1" crap="1" count="2"/>
      <line num="29" type="stmt" count="2"/>
      <line num="31" type="stmt" count="2"/>
      <line num="32" type="stmt" count="2"/>
      <line num="34" type="method" name="configure" visibility="protected" complexity="1" crap="1" count="2"/>
      <line num="38" type="stmt" count="2"/>
      <line num="39" type="stmt" count="2"/>
      <line num="40" type="stmt" count="2"/>
      <line num="42" type="stmt" count="2"/>
      <line num="44" type="method" name="execute" visibility="protected" complexity="2" crap="2" count="2"/>
      <line num="46" type="stmt" count="2"/>
      <line num="49" type="stmt" count="2"/>
      <line num="50" type="stmt" count="2"/>
      <line num="52" type="stmt" count="1"/>
      <line num="53" type="stmt" count="1"/>
      <line num="54" type="stmt" count="1"/>
      <line num="55" type="stmt" count="1"/>
      <line num="56" type="stmt" count="1"/>
      <line num="59" type="stmt" count="1"/>
      <metrics loc="61" ncloc="51" classes="1" methods="3" coveredmethods="3" conditionals="0" coveredconditionals="0" statements="16" coveredstatements="16" elements="19" coveredelements="19"/>
    </file>
    <file name="/Users/Dion/www/sexy-field/sexy-field/src/Command/CreateFieldCommand.php">
      <class name="Tardigrades\Command\CreateFieldCommand" namespace="global">
        <metrics complexity="7" methods="3" coveredmethods="2" conditionals="0" coveredconditionals="0" statements="22" coveredstatements="21" elements="25" coveredelements="23"/>
      </class>
      <line num="30" type="method" name="__construct" visibility="public" complexity="1" crap="1" count="3"/>
      <line num="33" type="stmt" count="3"/>
      <line num="35" type="stmt" count="3"/>
      <line num="36" type="stmt" count="3"/>
      <line num="38" type="method" name="configure" visibility="protected" complexity="1" crap="1" count="3"/>
      <line num="41" type="stmt" count="3"/>
      <line num="42" type="stmt" count="3"/>
      <line num="43" type="stmt" count="3"/>
      <line num="45" type="stmt" count="3"/>
      <line num="47" type="method" name="execute" visibility="protected" complexity="5" crap="5.01" count="3"/>
      <line num="49" type="stmt" count="3"/>
      <line num="52" type="stmt" count="3"/>
      <line num="53" type="stmt" count="1"/>
      <line num="54" type="stmt" count="1"/>
      <line num="55" type="stmt" count="1"/>
      <line num="57" type="stmt" count="1"/>
      <line num="58" type="stmt" count="0"/>
      <line num="59" type="stmt" count="1"/>
      <line num="60" type="stmt" count="1"/>
      <line num="61" type="stmt" count="1"/>
      <line num="63" type="stmt" count="1"/>
      <line num="66" type="stmt" count="2"/>
      <line num="67" type="stmt" count="2"/>
      <line num="68" type="stmt" count="2"/>
      <line num="69" type="stmt" count="2"/>
      <metrics loc="72" ncloc="63" classes="1" methods="3" coveredmethods="2" conditionals="0" coveredconditionals="0" statements="22" coveredstatements="21" elements="25" coveredelements="23"/>
    </file>
    <file name="/Users/Dion/www/sexy-field/sexy-field/src/Command/CreateLanguageCommand.php">
      <class name="Tardigrades\Command\CreateLanguageCommand" namespace="global">
        <metrics complexity="4" methods="3" coveredmethods="3" conditionals="0" coveredconditionals="0" statements="16" coveredstatements="16" elements="19" coveredelements="19"/>
      </class>
      <line num="28" type="method" name="__construct" visibility="public" complexity="1" crap="1" count="2"/>
      <line num="31" type="stmt" count="2"/>
      <line num="33" type="stmt" count="2"/>
      <line num="34" type="stmt" count="2"/>
      <line num="36" type="method" name="configure" visibility="protected" complexity="1" crap="1" count="2"/>
      <line num="39" type="stmt" count="2"/>
      <line num="40" type="stmt" count="2"/>
      <line num="41" type="stmt" count="2"/>
      <line num="42" type="stmt" count="2"/>
      <line num="44" type="method" name="execute" visibility="protected" complexity="2" crap="2" count="2"/>
      <line num="46" type="stmt" count="2"/>
      <line num="49" type="stmt" count="2"/>
      <line num="50" type="stmt" count="2"/>
      <line num="52" type="stmt" count="1"/>
      <line num="53" type="stmt" count="1"/>
      <line num="54" type="stmt" count="1"/>
      <line num="55" type="stmt" count="1"/>
      <line num="56" type="stmt" count="1"/>
      <line num="58" type="stmt" count="1"/>
      <metrics loc="60" ncloc="51" classes="1" methods="3" coveredmethods="3" conditionals="0" coveredconditionals="0" statements="16" coveredstatements="16" elements="19" coveredelements="19"/>
    </file>
    <file name="/Users/Dion/www/sexy-field/sexy-field/src/Command/CreateSectionCommand.php">
      <class name="Tardigrades\Command\CreateSectionCommand" namespace="global">
        <metrics complexity="6" methods="3" coveredmethods="3" conditionals="0" coveredconditionals="0" statements="18" coveredstatements="18" elements="21" coveredelements="21"/>
      </class>
      <line num="25" type="method" name="__construct" visibility="public" complexity="1" crap="1" count="3"/>
      <line num="28" type="stmt" count="3"/>
      <line num="29" type="stmt" count="3"/>
      <line num="31" type="method" name="configure" visibility="protected" complexity="1" crap="1" count="3"/>
      <line num="35" type="stmt" count="3"/>
      <line num="36" type="stmt" count="3"/>
      <line num="37" type="stmt" count="3"/>
      <line num="40" type="stmt" count="3"/>
      <line num="42" type="method" name="execute" visibility="protected" complexity="4" crap="4" count="3"/>
      <line num="44" type="stmt" count="3"/>
      <line num="47" type="stmt" count="3"/>
      <line num="48" type="stmt" count="2"/>
      <line num="49" type="stmt" count="2"/>
      <line num="50" type="stmt" count="2"/>
      <line num="51" type="stmt" count="1"/>
      <line num="52" type="stmt" count="1"/>
      <line num="53" type="stmt" count="1"/>
      <line num="56" type="stmt" count="1"/>
      <line num="57" type="stmt" count="2"/>
      <line num="58" type="stmt" count="2"/>
      <line num="60" type="stmt" count="2"/>
      <metrics loc="62" ncloc="52" classes="1" methods="3" coveredmethods="3" conditionals="0" coveredconditionals="0" statements="18" coveredstatements="18" elements="21" coveredelements="21"/>
    </file>
    <file name="/Users/Dion/www/sexy-field/sexy-field/src/Command/DeleteApplicationCommand.php">
      <class name="Tardigrades\Command\DeleteApplicationCommand" namespace="global">
        <metrics complexity="10" methods="6" coveredmethods="6" conditionals="0" coveredconditionals="0" statements="35" coveredstatements="35" elements="41" coveredelements="41"/>
      </class>
      <line num="34" type="method" name="__construct" visibility="public" complexity="1" crap="1" count="3"/>
      <line num="37" type="stmt" count="3"/>
      <line num="39" type="stmt" count="3"/>
      <line num="40" type="stmt" count="3"/>
      <line num="42" type="method" name="configure" visibility="protected" complexity="1" crap="1" count="2"/>
      <line num="45" type="stmt" count="2"/>
      <line num="46" type="stmt" count="2"/>
      <line num="47" type="stmt" count="2"/>
      <line num="49" type="method" name="execute" visibility="protected" complexity="2" crap="2" count="3"/>
      <line num="51" type="stmt" count="3"/>
      <line num="53" type="stmt" count="3"/>
      <line num="54" type="stmt" count="2"/>
      <line num="55" type="stmt" count="1"/>
      <line num="56" type="stmt" count="1"/>
      <line num="57" type="stmt" count="1"/>
      <line num="61" type="method" name="showInstalledApplications" visibility="private" complexity="1" crap="1" count="3"/>
      <line num="63" type="stmt" count="3"/>
      <line num="65" type="stmt" count="3"/>
      <line num="66" type="stmt" count="3"/>
      <line num="67" type="stmt" count="2"/>
      <line num="69" type="method" name="getApplicationRecord" visibility="private" complexity="3" crap="3" count="3"/>
      <line num="71" type="stmt" count="3"/>
      <line num="72" type="stmt" count="3"/>
      <line num="74" type="stmt" count="3"/>
      <line num="75" type="stmt" count="1"/>
      <line num="76" type="stmt" count="1"/>
      <line num="78" type="stmt" count="3"/>
      <line num="80" type="stmt" count="3"/>
      <line num="81" type="stmt" count="3"/>
      <line num="82" type="stmt" count="1"/>
      <line num="84" type="stmt" count="2"/>
      <line num="87" type="method" name="deleteWhatRecord" visibility="private" complexity="2" crap="2" count="3"/>
      <line num="89" type="stmt" count="3"/>
      <line num="91" type="stmt" count="2"/>
      <line num="93" type="stmt" count="2"/>
      <line num="95" type="stmt" count="2"/>
      <line num="96" type="stmt" count="1"/>
      <line num="97" type="stmt" count="1"/>
      <line num="99" type="stmt" count="1"/>
      <line num="101" type="stmt" count="1"/>
      <line num="102" type="stmt" count="1"/>
      <metrics loc="103" ncloc="93" classes="1" methods="6" coveredmethods="6" conditionals="0" coveredconditionals="0" statements="35" coveredstatements="35" elements="41" coveredelements="41"/>
    </file>
    <file name="/Users/Dion/www/sexy-field/sexy-field/src/Command/DeleteFieldCommand.php">
      <class name="Tardigrades\Command\DeleteFieldCommand" namespace="global">
        <metrics complexity="10" methods="6" coveredmethods="6" conditionals="0" coveredconditionals="0" statements="34" coveredstatements="34" elements="40" coveredelements="40"/>
      </class>
      <line num="32" type="method" name="__construct" visibility="public" complexity="1" crap="1" count="3"/>
      <line num="35" type="stmt" count="3"/>
      <line num="37" type="stmt" count="3"/>
      <line num="38" type="stmt" count="3"/>
      <line num="40" type="method" name="configure" visibility="protected" complexity="1" crap="1" count="1"/>
      <line num="43" type="stmt" count="1"/>
      <line num="44" type="stmt" count="1"/>
      <line num="45" type="stmt" count="1"/>
      <line num="47" type="method" name="execute" visibility="protected" complexity="2" crap="2" count="2"/>
      <line num="49" type="stmt" count="2"/>
      <line num="51" type="stmt" count="2"/>
      <line num="52" type="stmt" count="1"/>
      <line num="53" type="stmt" count="1"/>
      <line num="55" type="stmt" count="2"/>
      <line num="58" type="method" name="showInstalledFields" visibility="private" complexity="1" crap="1" count="3"/>
      <line num="60" type="stmt" count="3"/>
      <line num="62" type="stmt" count="3"/>
      <line num="63" type="stmt" count="3"/>
      <line num="64" type="stmt" count="2"/>
      <line num="66" type="method" name="deleteWhatRecord" visibility="private" complexity="2" crap="2" count="3"/>
      <line num="68" type="stmt" count="3"/>
      <line num="70" type="stmt" count="2"/>
      <line num="72" type="stmt" count="2"/>
      <line num="74" type="stmt" count="2"/>
      <line num="75" type="stmt" count="1"/>
      <line num="76" type="stmt" count="1"/>
      <line num="78" type="stmt" count="1"/>
      <line num="80" type="stmt" count="1"/>
      <line num="81" type="stmt" count="1"/>
      <line num="83" type="method" name="getField" visibility="private" complexity="3" crap="3" count="3"/>
      <line num="85" type="stmt" count="3"/>
      <line num="86" type="stmt" count="3"/>
      <line num="88" type="stmt" count="3"/>
      <line num="89" type="stmt" count="1"/>
      <line num="90" type="stmt" count="1"/>
      <line num="92" type="stmt" count="3"/>
      <line num="94" type="stmt" count="3"/>
      <line num="95" type="stmt" count="3"/>
      <line num="96" type="stmt" count="1"/>
      <line num="98" type="stmt" count="2"/>
      <metrics loc="100" ncloc="92" classes="1" methods="6" coveredmethods="6" conditionals="0" coveredconditionals="0" statements="34" coveredstatements="34" elements="40" coveredelements="40"/>
    </file>
    <file name="/Users/Dion/www/sexy-field/sexy-field/src/Command/DeleteFieldTypeCommand.php">
      <class name="Tardigrades\Command\DeleteFieldTypeCommand" namespace="global">
        <metrics complexity="12" methods="6" coveredmethods="6" conditionals="0" coveredconditionals="0" statements="42" coveredstatements="42" elements="48" coveredelements="48"/>
      </class>
      <line num="31" type="method" name="__construct" visibility="public" complexity="1" crap="1" count="4"/>
      <line num="34" type="stmt" count="4"/>
      <line num="36" type="stmt" count="4"/>
      <line num="37" type="stmt" count="4"/>
      <line num="39" type="method" name="configure" visibility="protected" complexity="1" crap="1" count="4"/>
      <line num="42" type="stmt" count="4"/>
      <line num="43" type="stmt" count="4"/>
      <line num="45" type="stmt" count="4"/>
      <line num="47" type="method" name="execute" visibility="protected" complexity="2" crap="2" count="4"/>
      <line num="50" type="stmt" count="4"/>
      <line num="51" type="stmt" count="4"/>
      <line num="52" type="stmt" count="1"/>
      <line num="53" type="stmt" count="1"/>
      <line num="55" type="stmt" count="4"/>
      <line num="58" type="method" name="showInstalledFieldTypes" visibility="private" complexity="1" crap="1" count="4"/>
      <line num="60" type="stmt" count="4"/>
      <line num="62" type="stmt" count="4"/>
      <line num="63" type="stmt" count="4"/>
      <line num="64" type="stmt" count="3"/>
      <line num="66" type="method" name="deleteWhatRecord" visibility="private" complexity="4" crap="4" count="4"/>
      <line num="68" type="stmt" count="4"/>
      <line num="70" type="stmt" count="3"/>
      <line num="71" type="stmt" count="1"/>
      <line num="72" type="stmt" count="1"/>
      <line num="73" type="stmt" count="1"/>
      <line num="76" type="stmt" count="1"/>
      <line num="78" type="stmt" count="1"/>
      <line num="79" type="stmt" count="1"/>
      <line num="81" type="stmt" count="1"/>
      <line num="84" type="stmt" count="2"/>
      <line num="86" type="stmt" count="2"/>
      <line num="88" type="stmt" count="2"/>
      <line num="89" type="stmt" count="1"/>
      <line num="90" type="stmt" count="1"/>
      <line num="93" type="stmt" count="1"/>
      <line num="95" type="stmt" count="1"/>
      <line num="96" type="stmt" count="1"/>
      <line num="98" type="method" name="getFieldType" visibility="private" complexity="3" crap="3" count="4"/>
      <line num="100" type="stmt" count="4"/>
      <line num="101" type="stmt" count="4"/>
      <line num="103" type="stmt" count="4"/>
      <line num="104" type="stmt" count="1"/>
      <line num="105" type="stmt" count="1"/>
      <line num="107" type="stmt" count="4"/>
      <line num="109" type="stmt" count="4"/>
      <line num="110" type="stmt" count="4"/>
      <line num="111" type="stmt" count="1"/>
      <line num="113" type="stmt" count="3"/>
      <metrics loc="115" ncloc="107" classes="1" methods="6" coveredmethods="6" conditionals="0" coveredconditionals="0" statements="42" coveredstatements="42" elements="48" coveredelements="48"/>
    </file>
    <file name="/Users/Dion/www/sexy-field/sexy-field/src/Command/DeleteLanguageCommand.php">
      <class name="Tardigrades\Command\DeleteLanguageCommand" namespace="global">
        <metrics complexity="11" methods="6" coveredmethods="6" conditionals="0" coveredconditionals="0" statements="37" coveredstatements="37" elements="43" coveredelements="43"/>
      </class>
      <line num="31" type="method" name="__construct" visibility="public" complexity="1" crap="1" count="4"/>
      <line num="34" type="stmt" count="4"/>
      <line num="36" type="stmt" count="4"/>
      <line num="37" type="stmt" count="4"/>
      <line num="39" type="method" name="configure" visibility="protected" complexity="1" crap="1" count="4"/>
      <line num="42" type="stmt" count="4"/>
      <line num="43" type="stmt" count="4"/>
      <line num="44" type="stmt" count="4"/>
      <line num="46" type="method" name="execute" visibility="protected" complexity="1" crap="1" count="4"/>
      <line num="48" type="stmt" count="4"/>
      <line num="50" type="stmt" count="4"/>
      <line num="52" type="stmt" count="4"/>
      <line num="55" type="method" name="showInstalledLanguages" visibility="private" complexity="1" crap="1" count="4"/>
      <line num="57" type="stmt" count="4"/>
      <line num="59" type="stmt" count="4"/>
      <line num="60" type="stmt" count="4"/>
      <line num="61" type="stmt" count="4"/>
      <line num="63" type="method" name="getLanguageRecord" visibility="private" complexity="3" crap="3" count="4"/>
      <line num="65" type="stmt" count="4"/>
      <line num="66" type="stmt" count="4"/>
      <line num="68" type="stmt" count="4"/>
      <line num="69" type="stmt" count="1"/>
      <line num="70" type="stmt" count="1"/>
      <line num="72" type="stmt" count="4"/>
      <line num="74" type="stmt" count="4"/>
      <line num="75" type="stmt" count="4"/>
      <line num="76" type="stmt" count="1"/>
      <line num="78" type="stmt" count="3"/>
      <line num="81" type="method" name="deleteWhatRecord" visibility="private" complexity="4" crap="4" count="4"/>
      <line num="84" type="stmt" count="4"/>
      <line num="85" type="stmt" count="1"/>
      <line num="86" type="stmt" count="1"/>
      <line num="87" type="stmt" count="1"/>
      <line num="90" type="stmt" count="3"/>
      <line num="92" type="stmt" count="3"/>
      <line num="94" type="stmt" count="3"/>
      <line num="95" type="stmt" count="1"/>
      <line num="96" type="stmt" count="1"/>
      <line num="98" type="stmt" count="2"/>
      <line num="101" type="stmt" count="2"/>
      <line num="102" type="stmt" count="1"/>
      <line num="103" type="stmt" count="1"/>
      <line num="105" type="stmt" count="2"/>
      <metrics loc="106" ncloc="98" classes="1" methods="6" coveredmethods="6" conditionals="0" coveredconditionals="0" statements="37" coveredstatements="37" elements="43" coveredelements="43"/>
    </file>
    <file name="/Users/Dion/www/sexy-field/sexy-field/src/Command/DeleteSectionCommand.php">
      <class name="Tardigrades\Command\DeleteSectionCommand" namespace="global">
        <metrics complexity="7" methods="4" coveredmethods="4" conditionals="0" coveredconditionals="0" statements="21" coveredstatements="21" elements="25" coveredelements="25"/>
      </class>
      <line num="25" type="method" name="__construct" visibility="public" complexity="1" crap="1" count="5"/>
      <line num="28" type="stmt" count="5"/>
      <line num="29" type="stmt" count="5"/>
      <line num="31" type="method" name="configure" visibility="protected" complexity="1" crap="1" count="5"/>
      <line num="34" type="stmt" count="5"/>
      <line num="35" type="stmt" count="5"/>
      <line num="37" type="stmt" count="5"/>
      <line num="39" type="method" name="execute" visibility="protected" complexity="2" crap="2" count="5"/>
      <line num="42" type="stmt" count="5"/>
      <line num="43" type="stmt" count="5"/>
      <line num="44" type="stmt" count="5"/>
      <line num="45" type="stmt" count="1"/>
      <line num="46" type="stmt" count="1"/>
      <line num="49" type="stmt" count="5"/>
      <line num="52" type="method" name="deleteWhatRecord" visibility="private" complexity="3" crap="3" count="5"/>
      <line num="55" type="stmt" count="5"/>
      <line num="57" type="stmt" count="4"/>
      <line num="58" type="stmt" count="4"/>
      <line num="60" type="stmt" count="4"/>
      <line num="62" type="stmt" count="4"/>
      <line num="63" type="stmt" count="1"/>
      <line num="64" type="stmt" count="1"/>
      <line num="67" type="stmt" count="3"/>
      <line num="69" type="stmt" count="3"/>
      <line num="71" type="stmt" count="3"/>
      <metrics loc="72" ncloc="63" classes="1" methods="4" coveredmethods="4" conditionals="0" coveredconditionals="0" statements="21" coveredstatements="21" elements="25" coveredelements="25"/>
    </file>
    <file name="/Users/Dion/www/sexy-field/sexy-field/src/Command/EnsureCacheCommand.php">
      <class name="Tardigrades\Command\EnsureCacheCommand" namespace="global">
        <metrics complexity="4" methods="3" coveredmethods="3" conditionals="0" coveredconditionals="0" statements="12" coveredstatements="12" elements="15" coveredelements="15"/>
      </class>
      <line num="17" type="method" name="__construct" visibility="public" complexity="1" crap="1" count="3"/>
      <line num="19" type="stmt" count="3"/>
      <line num="20" type="stmt" count="3"/>
      <line num="21" type="stmt" count="3"/>
      <line num="23" type="method" name="configure" visibility="protected" complexity="1" crap="1" count="3"/>
      <line num="25" type="stmt" count="3"/>
      <line num="26" type="stmt" count="3"/>
      <line num="28" type="method" name="execute" visibility="protected" complexity="2" crap="2" count="3"/>
      <line num="31" type="stmt" count="3"/>
      <line num="32" type="stmt" count="1"/>
      <line num="33" type="stmt" count="1"/>
      <line num="34" type="stmt" count="2"/>
      <line num="35" type="stmt" count="2"/>
      <line num="36" type="stmt" count="2"/>
      <line num="37" type="stmt" count="2"/>
      <metrics loc="40" ncloc="39" classes="1" methods="3" coveredmethods="3" conditionals="0" coveredconditionals="0" statements="12" coveredstatements="12" elements="15" coveredelements="15"/>
    </file>
    <file name="/Users/Dion/www/sexy-field/sexy-field/src/Command/FieldCommand.php">
      <class name="Tardigrades\Command\FieldCommand" namespace="global">
        <metrics complexity="2" methods="1" coveredmethods="1" conditionals="0" coveredconditionals="0" statements="18" coveredstatements="18" elements="19" coveredelements="19"/>
      </class>
      <line num="25" type="method" name="renderTable" visibility="protected" complexity="2" crap="2" count="1"/>
      <line num="30" type="stmt" count="1"/>
      <line num="32" type="stmt" count="1"/>
      <line num="34" type="stmt" count="1"/>
      <line num="35" type="stmt" count="1"/>
      <line num="36" type="stmt" count="1"/>
      <line num="37" type="stmt" count="1"/>
      <line num="38" type="stmt" count="1"/>
      <line num="39" type="stmt" count="1"/>
      <line num="40" type="stmt" count="1"/>
      <line num="41" type="stmt" count="1"/>
      <line num="45" type="stmt" count="1"/>
      <line num="46" type="stmt" count="1"/>
      <line num="47" type="stmt" count="1"/>
      <line num="51" type="stmt" count="1"/>
      <line num="52" type="stmt" count="1"/>
      <line num="55" type="stmt" count="1"/>
      <line num="57" type="stmt" count="1"/>
      <line num="58" type="stmt" count="1"/>
      <metrics loc="59" ncloc="50" classes="1" methods="1" coveredmethods="1" conditionals="0" coveredconditionals="0" statements="18" coveredstatements="18" elements="19" coveredelements="19"/>
    </file>
    <file name="/Users/Dion/www/sexy-field/sexy-field/src/Command/FieldTypeCommand.php">
      <class name="Tardigrades\Command\FieldTypeCommand" namespace="global">
        <metrics complexity="2" methods="1" coveredmethods="1" conditionals="0" coveredconditionals="0" statements="16" coveredstatements="16" elements="17" coveredelements="17"/>
      </class>
      <line num="25" type="method" name="renderTable" visibility="protected" complexity="2" crap="2" count="1"/>
      <line num="27" type="stmt" count="1"/>
      <line num="29" type="stmt" count="1"/>
      <line num="31" type="stmt" count="1"/>
      <line num="32" type="stmt" count="1"/>
      <line num="33" type="stmt" count="1"/>
      <line num="34" type="stmt" count="1"/>
      <line num="35" type="stmt" count="1"/>
      <line num="36" type="stmt" count="1"/>
      <line num="37" type="stmt" count="1"/>
      <line num="41" type="stmt" count="1"/>
      <line num="42" type="stmt" count="1"/>
      <line num="43" type="stmt" count="1"/>
      <line num="47" type="stmt" count="1"/>
      <line num="48" type="stmt" count="1"/>
      <line num="50" type="stmt" count="1"/>
      <line num="51" type="stmt" count="1"/>
      <metrics loc="52" ncloc="43" classes="1" methods="1" coveredmethods="1" conditionals="0" coveredconditionals="0" statements="16" coveredstatements="16" elements="17" coveredelements="17"/>
    </file>
    <file name="/Users/Dion/www/sexy-field/sexy-field/src/Command/GenerateSectionCommand.php">
      <class name="Tardigrades\Command\GenerateSectionCommand" namespace="global">
        <metrics complexity="11" methods="4" coveredmethods="3" conditionals="0" coveredconditionals="0" statements="42" coveredstatements="37" elements="46" coveredelements="40"/>
      </class>
      <line num="31" type="method" name="__construct" visibility="public" complexity="1" crap="1" count="7"/>
      <line num="35" type="stmt" count="7"/>
      <line num="37" type="stmt" count="7"/>
      <line num="38" type="stmt" count="7"/>
      <line num="40" type="method" name="configure" visibility="protected" complexity="1" crap="1" count="7"/>
      <line num="44" type="stmt" count="7"/>
      <line num="45" type="stmt" count="7"/>
      <line num="46" type="stmt" count="7"/>
      <line num="47" type="stmt" count="7"/>
      <line num="48" type="stmt" count="7"/>
      <line num="49" type="stmt" count="7"/>
      <line num="50" type="stmt" count="7"/>
      <line num="52" type="stmt" count="7"/>
      <line num="53" type="stmt" count="7"/>
      <line num="54" type="stmt" count="7"/>
      <line num="55" type="stmt" count="7"/>
      <line num="56" type="stmt" count="7"/>
      <line num="60" type="stmt" count="7"/>
      <line num="62" type="method" name="execute" visibility="protected" complexity="2" crap="2" count="7"/>
      <line num="65" type="stmt" count="7"/>
      <line num="66" type="stmt" count="7"/>
      <line num="67" type="stmt" count="7"/>
      <line num="68" type="stmt" count="6"/>
      <line num="69" type="stmt" count="1"/>
      <line num="70" type="stmt" count="1"/>
      <line num="71" type="stmt" count="1"/>
      <line num="75" type="method" name="generateWhatSection" visibility="private" complexity="7" crap="7.89" count="7"/>
      <line num="77" type="stmt" count="7"/>
      <line num="78" type="stmt" count="1"/>
      <line num="80" type="stmt" count="6"/>
      <line num="83" type="stmt" count="6"/>
      <line num="84" type="stmt" count="6"/>
      <line num="87" type="stmt" count="6"/>
      <line num="88" type="stmt" count="0"/>
      <line num="90" type="stmt" count="0"/>
      <line num="91" type="stmt" count="0"/>
      <line num="93" type="stmt" count="0"/>
      <line num="96" type="stmt" count="6"/>
      <line num="97" type="stmt" count="4"/>
      <line num="98" type="stmt" count="4"/>
      <line num="99" type="stmt" count="1"/>
      <line num="100" type="stmt" count="1"/>
      <line num="103" type="stmt" count="5"/>
      <line num="104" type="stmt" count="0"/>
      <line num="108" type="stmt" count="5"/>
      <line num="109" type="stmt" count="5"/>
      <metrics loc="110" ncloc="98" classes="1" methods="4" coveredmethods="3" conditionals="0" coveredconditionals="0" statements="42" coveredstatements="37" elements="46" coveredelements="40"/>
    </file>
    <file name="/Users/Dion/www/sexy-field/sexy-field/src/Command/InstallDirectoryCommand.php">
      <class name="Tardigrades\Command\InstallDirectoryCommand" namespace="global">
        <metrics complexity="37" methods="12" coveredmethods="11" conditionals="0" coveredconditionals="0" statements="96" coveredstatements="91" elements="108" coveredelements="102"/>
      </class>
      <line num="54" type="method" name="__construct" visibility="public" complexity="1" crap="1" count="8"/>
      <line num="61" type="stmt" count="8"/>
      <line num="62" type="stmt" count="8"/>
      <line num="63" type="stmt" count="8"/>
      <line num="64" type="stmt" count="8"/>
      <line num="65" type="stmt" count="8"/>
      <line num="67" type="stmt" count="8"/>
      <line num="68" type="stmt" count="8"/>
      <line num="70" type="method" name="configure" visibility="protected" complexity="1" crap="1" count="2"/>
      <line num="73" type="stmt" count="2"/>
      <line num="74" type="stmt" count="2"/>
      <line num="75" type="stmt" count="2"/>
      <line num="76" type="stmt" count="2"/>
      <line num="77" type="stmt" count="2"/>
      <line num="79" type="method" name="execute" visibility="protected" complexity="2" crap="2" count="2"/>
      <line num="81" type="stmt" count="2"/>
      <line num="82" type="stmt" count="2"/>
      <line num="85" type="stmt" count="2"/>
      <line num="87" type="stmt" count="2"/>
      <line num="88" type="stmt" count="2"/>
      <line num="90" type="stmt" count="2"/>
      <line num="91" type="stmt" count="2"/>
      <line num="93" type="stmt" count="2"/>
      <line num="94" type="stmt" count="2"/>
      <line num="96" type="stmt" count="2"/>
      <line num="97" type="stmt" count="2"/>
      <line num="99" type="stmt" count="2"/>
      <line num="100" type="stmt" count="2"/>
      <line num="102" type="stmt" count="2"/>
      <line num="108" type="method" name="verifyConfig" visibility="private" complexity="3" crap="3" count="4"/>
      <line num="110" type="stmt" count="4"/>
      <line num="111" type="stmt" count="1"/>
      <line num="113" type="stmt" count="3"/>
      <line num="114" type="stmt" count="1"/>
      <line num="116" type="stmt" count="2"/>
      <line num="122" type="method" name="installFieldTypes" visibility="private" complexity="10" crap="10.90" count="2"/>
      <line num="124" type="stmt" count="2"/>
      <line num="125" type="stmt" count="2"/>
      <line num="126" type="stmt" count="2"/>
      <line num="127" type="stmt" count="2"/>
      <line num="128" type="stmt" count="2"/>
      <line num="132" type="stmt" count="2"/>
      <line num="133" type="stmt" count="2"/>
      <line num="135" type="stmt" count="2"/>
      <line num="138" type="stmt" count="1"/>
      <line num="140" type="stmt" count="1"/>
      <line num="144" type="stmt" count="1"/>
      <line num="148" type="stmt" count="1"/>
      <line num="149" type="stmt" count="1"/>
      <line num="150" type="stmt" count="1"/>
      <line num="151" type="stmt" count="1"/>
      <line num="153" type="stmt" count="0"/>
      <line num="154" type="stmt" count="0"/>
      <line num="155" type="stmt" count="0"/>
      <line num="156" type="stmt" count="0"/>
      <line num="157" type="stmt" count="0"/>
      <line num="161" type="stmt" count="1"/>
      <line num="165" type="stmt" count="1"/>
      <line num="166" type="stmt" count="1"/>
      <line num="171" type="stmt" count="2"/>
      <line num="178" type="method" name="createSections" visibility="private" complexity="1" crap="1" count="2"/>
      <line num="180" type="stmt" count="2"/>
      <line num="187" type="method" name="createFields" visibility="private" complexity="1" crap="1" count="2"/>
      <line num="189" type="stmt" count="2"/>
      <line num="196" type="method" name="createApplications" visibility="private" complexity="1" crap="1" count="2"/>
      <line num="198" type="stmt" count="2"/>
      <line num="206" type="method" name="createOrUpdateConfigs" visibility="private" complexity="3" crap="3" count="2"/>
      <line num="208" type="stmt" count="2"/>
      <line num="210" type="stmt" count="2"/>
      <line num="211" type="stmt" count="2"/>
      <line num="212" type="stmt" count="1"/>
      <line num="213" type="stmt" count="2"/>
      <line num="214" type="stmt" count="2"/>
      <line num="217" type="stmt" count="2"/>
      <line num="223" type="method" name="createLanguages" visibility="private" complexity="1" crap="1" count="2"/>
      <line num="225" type="stmt" count="2"/>
      <line num="226" type="stmt" count="2"/>
      <line num="233" type="method" name="classifyFile" visibility="private" complexity="9" crap="9" count="6"/>
      <line num="235" type="stmt" count="6"/>
      <line num="236" type="stmt" count="1"/>
      <line num="238" type="stmt" count="6"/>
      <line num="239" type="stmt" count="6"/>
      <line num="240" type="stmt" count="1"/>
      <line num="242" type="stmt" count="6"/>
      <line num="243" type="stmt" count="6"/>
      <line num="244" type="stmt" count="6"/>
      <line num="245" type="stmt" count="6"/>
      <line num="246" type="stmt" count="6"/>
      <line num="247" type="stmt" count="6"/>
      <line num="248" type="stmt" count="6"/>
      <line num="249" type="stmt" count="6"/>
      <line num="250" type="stmt" count="6"/>
      <line num="251" type="stmt" count="6"/>
      <line num="252" type="stmt" count="6"/>
      <line num="253" type="stmt" count="6"/>
      <line num="254" type="stmt" count="6"/>
      <line num="255" type="stmt" count="1"/>
      <line num="257" type="stmt" count="6"/>
      <line num="258" type="stmt" count="6"/>
      <line num="260" type="stmt" count="1"/>
      <line num="262" type="stmt" count="6"/>
      <line num="269" type="method" name="getAllYamls" visibility="private" complexity="4" crap="4" count="2"/>
      <line num="272" type="stmt" count="2"/>
      <line num="273" type="stmt" count="2"/>
      <line num="274" type="stmt" count="2"/>
      <line num="275" type="stmt" count="2"/>
      <line num="278" type="stmt" count="2"/>
      <metrics loc="279" ncloc="231" classes="1" methods="12" coveredmethods="11" conditionals="0" coveredconditionals="0" statements="96" coveredstatements="91" elements="108" coveredelements="102"/>
    </file>
    <file name="/Users/Dion/www/sexy-field/sexy-field/src/Command/InstallFieldTypeCommand.php">
      <class name="Tardigrades\Command\InstallFieldTypeCommand" namespace="global">
        <metrics complexity="4" methods="3" coveredmethods="2" conditionals="0" coveredconditionals="0" statements="16" coveredstatements="14" elements="19" coveredelements="16"/>
      </class>
      <line num="28" type="method" name="__construct" visibility="public" complexity="1" crap="1" count="1"/>
      <line num="31" type="stmt" count="1"/>
      <line num="32" type="stmt" count="1"/>
      <line num="33" type="stmt" count="1"/>
      <line num="35" type="method" name="configure" visibility="protected" complexity="1" crap="1" count="1"/>
      <line num="38" type="stmt" count="1"/>
      <line num="39" type="stmt" count="1"/>
      <line num="40" type="stmt" count="1"/>
      <line num="42" type="stmt" count="1"/>
      <line num="44" type="method" name="execute" visibility="protected" complexity="2" crap="2.04" count="1"/>
      <line num="46" type="stmt" count="1"/>
      <line num="47" type="stmt" count="1"/>
      <line num="50" type="stmt" count="1"/>
      <line num="51" type="stmt" count="0"/>
      <line num="52" type="stmt" count="0"/>
      <line num="53" type="stmt" count="1"/>
      <line num="54" type="stmt" count="1"/>
      <line num="55" type="stmt" count="1"/>
      <line num="56" type="stmt" count="1"/>
      <metrics loc="59" ncloc="50" classes="1" methods="3" coveredmethods="2" conditionals="0" coveredconditionals="0" statements="16" coveredstatements="14" elements="19" coveredelements="16"/>
    </file>
    <file name="/Users/Dion/www/sexy-field/sexy-field/src/Command/LanguageCommand.php">
      <class name="Tardigrades\Command\LanguageCommand" namespace="global">
        <metrics complexity="3" methods="1" coveredmethods="1" conditionals="0" coveredconditionals="0" statements="20" coveredstatements="20" elements="21" coveredelements="21"/>
      </class>
      <line num="26" type="method" name="renderTable" visibility="protected" complexity="3" crap="3" count="1"/>
      <line num="28" type="stmt" count="1"/>
      <line num="30" type="stmt" count="1"/>
      <line num="32" type="stmt" count="1"/>
      <line num="33" type="stmt" count="1"/>
      <line num="34" type="stmt" count="1"/>
      <line num="36" type="stmt" count="1"/>
      <line num="37" type="stmt" count="1"/>
      <line num="40" type="stmt" count="1"/>
      <line num="41" type="stmt" count="1"/>
      <line num="42" type="stmt" count="1"/>
      <line num="43" type="stmt" count="1"/>
      <line num="44" type="stmt" count="1"/>
      <line num="45" type="stmt" count="1"/>
      <line num="49" type="stmt" count="1"/>
      <line num="50" type="stmt" count="1"/>
      <line num="51" type="stmt" count="1"/>
      <line num="55" type="stmt" count="1"/>
      <line num="56" type="stmt" count="1"/>
      <line num="58" type="stmt" count="1"/>
      <line num="59" type="stmt" count="1"/>
      <metrics loc="60" ncloc="50" classes="1" methods="1" coveredmethods="1" conditionals="0" coveredconditionals="0" statements="20" coveredstatements="20" elements="21" coveredelements="21"/>
    </file>
    <file name="/Users/Dion/www/sexy-field/sexy-field/src/Command/ListApplicationCommand.php">
      <class name="Tardigrades\Command\ListApplicationCommand" namespace="global">
        <metrics complexity="4" methods="3" coveredmethods="3" conditionals="0" coveredconditionals="0" statements="12" coveredstatements="12" elements="15" coveredelements="15"/>
      </class>
      <line num="25" type="method" name="__construct" visibility="public" complexity="1" crap="1" count="2"/>
      <line num="28" type="stmt" count="2"/>
      <line num="30" type="stmt" count="2"/>
      <line num="31" type="stmt" count="2"/>
      <line num="33" type="method" name="configure" visibility="protected" complexity="1" crap="1" count="2"/>
      <line num="36" type="stmt" count="2"/>
      <line num="37" type="stmt" count="2"/>
      <line num="38" type="stmt" count="2"/>
      <line num="40" type="method" name="execute" visibility="protected" complexity="2" crap="2" count="2"/>
      <line num="43" type="stmt" count="2"/>
      <line num="44" type="stmt" count="1"/>
      <line num="45" type="stmt" count="1"/>
      <line num="46" type="stmt" count="1"/>
      <line num="47" type="stmt" count="1"/>
      <line num="48" type="stmt" count="1"/>
      <metrics loc="51" ncloc="43" classes="1" methods="3" coveredmethods="3" conditionals="0" coveredconditionals="0" statements="12" coveredstatements="12" elements="15" coveredelements="15"/>
    </file>
    <file name="/Users/Dion/www/sexy-field/sexy-field/src/Command/ListFieldCommand.php">
      <class name="Tardigrades\Command\ListFieldCommand" namespace="global">
        <metrics complexity="4" methods="3" coveredmethods="3" conditionals="0" coveredconditionals="0" statements="12" coveredstatements="12" elements="15" coveredelements="15"/>
      </class>
      <line num="25" type="method" name="__construct" visibility="public" complexity="1" crap="1" count="2"/>
      <line num="28" type="stmt" count="2"/>
      <line num="30" type="stmt" count="2"/>
      <line num="31" type="stmt" count="2"/>
      <line num="33" type="method" name="configure" visibility="protected" complexity="1" crap="1" count="2"/>
      <line num="36" type="stmt" count="2"/>
      <line num="37" type="stmt" count="2"/>
      <line num="39" type="stmt" count="2"/>
      <line num="41" type="method" name="execute" visibility="protected" complexity="2" crap="2" count="2"/>
      <line num="44" type="stmt" count="2"/>
      <line num="45" type="stmt" count="1"/>
      <line num="46" type="stmt" count="1"/>
      <line num="47" type="stmt" count="1"/>
      <line num="48" type="stmt" count="1"/>
      <line num="49" type="stmt" count="1"/>
      <metrics loc="52" ncloc="44" classes="1" methods="3" coveredmethods="3" conditionals="0" coveredconditionals="0" statements="12" coveredstatements="12" elements="15" coveredelements="15"/>
    </file>
    <file name="/Users/Dion/www/sexy-field/sexy-field/src/Command/ListFieldTypeCommand.php">
      <class name="Tardigrades\Command\ListFieldTypeCommand" namespace="global">
        <metrics complexity="4" methods="3" coveredmethods="3" conditionals="0" coveredconditionals="0" statements="12" coveredstatements="12" elements="15" coveredelements="15"/>
      </class>
      <line num="25" type="method" name="__construct" visibility="public" complexity="1" crap="1" count="2"/>
      <line num="28" type="stmt" count="2"/>
      <line num="30" type="stmt" count="2"/>
      <line num="31" type="stmt" count="2"/>
      <line num="33" type="method" name="configure" visibility="protected" complexity="1" crap="1" count="2"/>
      <line num="36" type="stmt" count="2"/>
      <line num="37" type="stmt" count="2"/>
      <line num="39" type="stmt" count="2"/>
      <line num="41" type="method" name="execute" visibility="protected" complexity="2" crap="2" count="2"/>
      <line num="44" type="stmt" count="2"/>
      <line num="45" type="stmt" count="1"/>
      <line num="46" type="stmt" count="1"/>
      <line num="47" type="stmt" count="1"/>
      <line num="48" type="stmt" count="1"/>
      <line num="49" type="stmt" count="1"/>
      <metrics loc="52" ncloc="44" classes="1" methods="3" coveredmethods="3" conditionals="0" coveredconditionals="0" statements="12" coveredstatements="12" elements="15" coveredelements="15"/>
    </file>
    <file name="/Users/Dion/www/sexy-field/sexy-field/src/Command/ListLanguageCommand.php">
      <class name="Tardigrades\Command\ListLanguageCommand" namespace="global">
        <metrics complexity="4" methods="3" coveredmethods="3" conditionals="0" coveredconditionals="0" statements="12" coveredstatements="12" elements="15" coveredelements="15"/>
      </class>
      <line num="25" type="method" name="__construct" visibility="public" complexity="1" crap="1" count="2"/>
      <line num="28" type="stmt" count="2"/>
      <line num="30" type="stmt" count="2"/>
      <line num="31" type="stmt" count="2"/>
      <line num="33" type="method" name="configure" visibility="protected" complexity="1" crap="1" count="2"/>
      <line num="36" type="stmt" count="2"/>
      <line num="37" type="stmt" count="2"/>
      <line num="38" type="stmt" count="2"/>
      <line num="40" type="method" name="execute" visibility="protected" complexity="2" crap="2" count="2"/>
      <line num="43" type="stmt" count="2"/>
      <line num="44" type="stmt" count="1"/>
      <line num="45" type="stmt" count="1"/>
      <line num="46" type="stmt" count="1"/>
      <line num="47" type="stmt" count="1"/>
      <line num="48" type="stmt" count="1"/>
      <metrics loc="51" ncloc="43" classes="1" methods="3" coveredmethods="3" conditionals="0" coveredconditionals="0" statements="12" coveredstatements="12" elements="15" coveredelements="15"/>
    </file>
    <file name="/Users/Dion/www/sexy-field/sexy-field/src/Command/ListSectionCommand.php">
      <class name="Tardigrades\Command\ListSectionCommand" namespace="global">
        <metrics complexity="4" methods="3" coveredmethods="3" conditionals="0" coveredconditionals="0" statements="11" coveredstatements="11" elements="14" coveredelements="14"/>
      </class>
      <line num="23" type="method" name="__construct" visibility="public" complexity="1" crap="1" count="2"/>
      <line num="26" type="stmt" count="2"/>
      <line num="27" type="stmt" count="2"/>
      <line num="29" type="method" name="configure" visibility="protected" complexity="1" crap="1" count="2"/>
      <line num="32" type="stmt" count="2"/>
      <line num="33" type="stmt" count="2"/>
      <line num="35" type="stmt" count="2"/>
      <line num="37" type="method" name="execute" visibility="protected" complexity="2" crap="2" count="2"/>
      <line num="40" type="stmt" count="2"/>
      <line num="41" type="stmt" count="1"/>
      <line num="42" type="stmt" count="1"/>
      <line num="43" type="stmt" count="1"/>
      <line num="44" type="stmt" count="1"/>
      <line num="45" type="stmt" count="1"/>
      <metrics loc="48" ncloc="40" classes="1" methods="3" coveredmethods="3" conditionals="0" coveredconditionals="0" statements="11" coveredstatements="11" elements="14" coveredelements="14"/>
    </file>
    <file name="/Users/Dion/www/sexy-field/sexy-field/src/Command/RestoreSectionCommand.php">
      <class name="Tardigrades\Command\RestoreSectionCommand" namespace="global">
        <metrics complexity="12" methods="5" coveredmethods="5" conditionals="0" coveredconditionals="0" statements="41" coveredstatements="41" elements="46" coveredelements="46"/>
      </class>
      <line num="31" type="method" name="__construct" visibility="public" complexity="1" crap="1" count="6"/>
      <line num="35" type="stmt" count="6"/>
      <line num="37" type="stmt" count="6"/>
      <line num="38" type="stmt" count="6"/>
      <line num="40" type="method" name="configure" visibility="protected" complexity="1" crap="1" count="6"/>
      <line num="43" type="stmt" count="6"/>
      <line num="44" type="stmt" count="6"/>
      <line num="46" type="stmt" count="6"/>
      <line num="48" type="method" name="execute" visibility="protected" complexity="3" crap="3" count="6"/>
      <line num="51" type="stmt" count="6"/>
      <line num="52" type="stmt" count="6"/>
      <line num="53" type="stmt" count="6"/>
      <line num="54" type="stmt" count="2"/>
      <line num="55" type="stmt" count="1"/>
      <line num="56" type="stmt" count="1"/>
      <line num="57" type="stmt" count="1"/>
      <line num="59" type="stmt" count="6"/>
      <line num="62" type="method" name="restoreWhatRecord" visibility="private" complexity="4" crap="4" count="6"/>
      <line num="64" type="stmt" count="6"/>
      <line num="66" type="stmt" count="5"/>
      <line num="67" type="stmt" count="5"/>
      <line num="68" type="stmt" count="5"/>
      <line num="70" type="stmt" count="5"/>
      <line num="73" type="stmt" count="5"/>
      <line num="74" type="stmt" count="2"/>
      <line num="75" type="stmt" count="2"/>
      <line num="78" type="stmt" count="5"/>
      <line num="79" type="stmt" count="5"/>
      <line num="81" type="stmt" count="4"/>
      <line num="82" type="stmt" count="4"/>
      <line num="83" type="stmt" count="2"/>
      <line num="84" type="stmt" count="2"/>
      <line num="87" type="stmt" count="3"/>
      <line num="89" type="stmt" count="3"/>
      <line num="91" type="stmt" count="2"/>
      <line num="93" type="method" name="getSectionFromHistory" visibility="protected" complexity="3" crap="3" count="5"/>
      <line num="95" type="stmt" count="5"/>
      <line num="97" type="stmt" count="5"/>
      <line num="99" type="stmt" count="5"/>
      <line num="100" type="stmt" count="1"/>
      <line num="101" type="stmt" count="1"/>
      <line num="103" type="stmt" count="5"/>
      <line num="105" type="stmt" count="5"/>
      <line num="106" type="stmt" count="5"/>
      <line num="107" type="stmt" count="1"/>
      <line num="109" type="stmt" count="4"/>
      <metrics loc="111" ncloc="102" classes="1" methods="5" coveredmethods="5" conditionals="0" coveredconditionals="0" statements="41" coveredstatements="41" elements="46" coveredelements="46"/>
    </file>
    <file name="/Users/Dion/www/sexy-field/sexy-field/src/Command/SectionCommand.php">
      <class name="Tardigrades\Command\SectionCommand" namespace="global">
        <metrics complexity="11" methods="4" coveredmethods="4" conditionals="0" coveredconditionals="0" statements="45" coveredstatements="45" elements="49" coveredelements="49"/>
      </class>
      <line num="34" type="method" name="__construct" visibility="public" complexity="1" crap="1" count="33"/>
      <line num="38" type="stmt" count="33"/>
      <line num="40" type="stmt" count="33"/>
      <line num="41" type="stmt" count="33"/>
      <line num="43" type="method" name="renderTable" visibility="protected" complexity="2" crap="2" count="27"/>
      <line num="45" type="stmt" count="27"/>
      <line num="47" type="stmt" count="27"/>
      <line num="49" type="stmt" count="27"/>
      <line num="50" type="stmt" count="27"/>
      <line num="51" type="stmt" count="27"/>
      <line num="52" type="stmt" count="27"/>
      <line num="53" type="stmt" count="27"/>
      <line num="54" type="stmt" count="27"/>
      <line num="55" type="stmt" count="27"/>
      <line num="56" type="stmt" count="27"/>
      <line num="60" type="stmt" count="27"/>
      <line num="61" type="stmt" count="27"/>
      <line num="62" type="stmt" count="27"/>
      <line num="66" type="stmt" count="27"/>
      <line num="67" type="stmt" count="27"/>
      <line num="69" type="stmt" count="27"/>
      <line num="70" type="stmt" count="27"/>
      <line num="72" type="method" name="getSection" visibility="protected" complexity="3" crap="3" count="2"/>
      <line num="74" type="stmt" count="2"/>
      <line num="75" type="stmt" count="2"/>
      <line num="77" type="stmt" count="2"/>
      <line num="78" type="stmt" count="1"/>
      <line num="80" type="stmt" count="1"/>
      <line num="82" type="stmt" count="2"/>
      <line num="83" type="stmt" count="2"/>
      <line num="84" type="stmt" count="2"/>
      <line num="85" type="stmt" count="1"/>
      <line num="87" type="stmt" count="1"/>
      <line num="96" type="method" name="getSections" visibility="protected" complexity="5" crap="5" count="21"/>
      <line num="98" type="stmt" count="21"/>
      <line num="99" type="stmt" count="21"/>
      <line num="101" type="stmt" count="21"/>
      <line num="102" type="stmt" count="5"/>
      <line num="105" type="stmt" count="16"/>
      <line num="106" type="stmt" count="3"/>
      <line num="107" type="stmt" count="3"/>
      <line num="110" type="stmt" count="13"/>
      <line num="111" type="stmt" count="4"/>
      <line num="113" type="stmt" count="4"/>
      <line num="115" type="stmt" count="21"/>
      <line num="117" type="stmt" count="21"/>
      <line num="118" type="stmt" count="21"/>
      <line num="119" type="stmt" count="4"/>
      <line num="121" type="stmt" count="17"/>
      <metrics loc="123" ncloc="107" classes="1" methods="4" coveredmethods="4" conditionals="0" coveredconditionals="0" statements="45" coveredstatements="45" elements="49" coveredelements="49"/>
    </file>
    <file name="/Users/Dion/www/sexy-field/sexy-field/src/Command/UpdateApplicationCommand.php">
      <class name="Tardigrades\Command\UpdateApplicationCommand" namespace="global">
        <metrics complexity="10" methods="6" coveredmethods="5" conditionals="0" coveredconditionals="0" statements="38" coveredstatements="37" elements="44" coveredelements="42"/>
      </class>
      <line num="33" type="method" name="__construct" visibility="public" complexity="1" crap="1" count="3"/>
      <line num="36" type="stmt" count="3"/>
      <line num="38" type="stmt" count="3"/>
      <line num="39" type="stmt" count="3"/>
      <line num="41" type="method" name="configure" visibility="protected" complexity="1" crap="1" count="3"/>
      <line num="45" type="stmt" count="3"/>
      <line num="46" type="stmt" count="3"/>
      <line num="47" type="stmt" count="3"/>
      <line num="50" type="stmt" count="3"/>
      <line num="52" type="method" name="execute" visibility="protected" complexity="2" crap="2" count="3"/>
      <line num="55" type="stmt" count="3"/>
      <line num="56" type="stmt" count="3"/>
      <line num="57" type="stmt" count="2"/>
      <line num="58" type="stmt" count="1"/>
      <line num="59" type="stmt" count="1"/>
      <line num="61" type="stmt" count="1"/>
      <line num="64" type="method" name="showInstalledApplications" visibility="private" complexity="1" crap="1" count="3"/>
      <line num="66" type="stmt" count="3"/>
      <line num="68" type="stmt" count="3"/>
      <line num="69" type="stmt" count="3"/>
      <line num="70" type="stmt" count="2"/>
      <line num="72" type="method" name="getApplicationRecord" visibility="private" complexity="3" crap="3" count="3"/>
      <line num="74" type="stmt" count="3"/>
      <line num="75" type="stmt" count="3"/>
      <line num="77" type="stmt" count="3"/>
      <line num="78" type="stmt" count="1"/>
      <line num="79" type="stmt" count="1"/>
      <line num="81" type="stmt" count="3"/>
      <line num="83" type="stmt" count="3"/>
      <line num="84" type="stmt" count="3"/>
      <line num="85" type="stmt" count="1"/>
      <line num="87" type="stmt" count="2"/>
      <line num="90" type="method" name="updateWhatRecord" visibility="private" complexity="2" crap="2.00" count="3"/>
      <line num="92" type="stmt" count="3"/>
      <line num="93" type="stmt" count="2"/>
      <line num="96" type="stmt" count="2"/>
      <line num="97" type="stmt" count="0"/>
      <line num="98" type="stmt" count="2"/>
      <line num="101" type="stmt" count="1"/>
      <line num="102" type="stmt" count="1"/>
      <line num="103" type="stmt" count="1"/>
      <line num="104" type="stmt" count="1"/>
      <line num="107" type="stmt" count="1"/>
      <line num="108" type="stmt" count="1"/>
      <metrics loc="109" ncloc="99" classes="1" methods="6" coveredmethods="5" conditionals="0" coveredconditionals="0" statements="38" coveredstatements="37" elements="44" coveredelements="42"/>
    </file>
    <file name="/Users/Dion/www/sexy-field/sexy-field/src/Command/UpdateFieldCommand.php">
      <class name="Tardigrades\Command\UpdateFieldCommand" namespace="global">
        <metrics complexity="16" methods="6" coveredmethods="5" conditionals="0" coveredconditionals="0" statements="63" coveredstatements="62" elements="69" coveredelements="67"/>
      </class>
      <line num="36" type="method" name="__construct" visibility="public" complexity="1" crap="1" count="7"/>
      <line num="39" type="stmt" count="7"/>
      <line num="41" type="stmt" count="7"/>
      <line num="42" type="stmt" count="7"/>
      <line num="44" type="method" name="configure" visibility="protected" complexity="1" crap="1" count="7"/>
      <line num="47" type="stmt" count="7"/>
      <line num="48" type="stmt" count="7"/>
      <line num="49" type="stmt" count="7"/>
      <line num="50" type="stmt" count="7"/>
      <line num="51" type="stmt" count="7"/>
      <line num="52" type="stmt" count="7"/>
      <line num="53" type="stmt" count="7"/>
      <line num="54" type="stmt" count="7"/>
      <line num="57" type="stmt" count="7"/>
      <line num="59" type="method" name="execute" visibility="protected" complexity="2" crap="2" count="7"/>
      <line num="62" type="stmt" count="7"/>
      <line num="63" type="stmt" count="7"/>
      <line num="64" type="stmt" count="1"/>
      <line num="65" type="stmt" count="1"/>
      <line num="67" type="stmt" count="7"/>
      <line num="75" type="method" name="showInstalledFields" visibility="private" complexity="2" crap="2" count="7"/>
      <line num="77" type="stmt" count="7"/>
      <line num="78" type="stmt" count="6"/>
      <line num="80" type="stmt" count="7"/>
      <line num="81" type="stmt" count="6"/>
      <line num="89" type="method" name="getField" visibility="private" complexity="3" crap="3" count="2"/>
      <line num="91" type="stmt" count="2"/>
      <line num="92" type="stmt" count="2"/>
      <line num="94" type="stmt" count="2"/>
      <line num="95" type="stmt" count="1"/>
      <line num="96" type="stmt" count="1"/>
      <line num="98" type="stmt" count="2"/>
      <line num="100" type="stmt" count="2"/>
      <line num="101" type="stmt" count="2"/>
      <line num="102" type="stmt" count="1"/>
      <line num="104" type="stmt" count="1"/>
      <line num="107" type="method" name="updateWhatRecord" visibility="private" complexity="7" crap="7" count="7"/>
      <line num="109" type="stmt" count="7"/>
      <line num="112" type="stmt" count="7"/>
      <line num="113" type="stmt" count="0"/>
      <line num="114" type="stmt" count="7"/>
      <line num="117" type="stmt" count="1"/>
      <line num="118" type="stmt" count="1"/>
      <line num="119" type="stmt" count="1"/>
      <line num="123" type="stmt" count="6"/>
      <line num="125" type="stmt" count="3"/>
      <line num="126" type="stmt" count="2"/>
      <line num="127" type="stmt" count="2"/>
      <line num="128" type="stmt" count="2"/>
      <line num="131" type="stmt" count="2"/>
      <line num="132" type="stmt" count="1"/>
      <line num="133" type="stmt" count="3"/>
      <line num="136" type="stmt" count="3"/>
      <line num="137" type="stmt" count="3"/>
      <line num="138" type="stmt" count="3"/>
      <line num="139" type="stmt" count="3"/>
      <line num="140" type="stmt" count="3"/>
      <line num="143" type="stmt" count="3"/>
      <line num="144" type="stmt" count="3"/>
      <line num="145" type="stmt" count="3"/>
      <line num="148" type="stmt" count="3"/>
      <line num="149" type="stmt" count="1"/>
      <line num="150" type="stmt" count="1"/>
      <line num="153" type="stmt" count="2"/>
      <line num="156" type="stmt" count="3"/>
      <line num="157" type="stmt" count="3"/>
      <line num="158" type="stmt" count="2"/>
      <line num="160" type="stmt" count="1"/>
      <line num="162" type="stmt" count="3"/>
      <metrics loc="163" ncloc="144" classes="1" methods="6" coveredmethods="5" conditionals="0" coveredconditionals="0" statements="63" coveredstatements="62" elements="69" coveredelements="67"/>
    </file>
    <file name="/Users/Dion/www/sexy-field/sexy-field/src/Command/UpdateFieldTypeCommand.php">
      <class name="Tardigrades\Command\UpdateFieldTypeCommand" namespace="global">
        <metrics complexity="12" methods="8" coveredmethods="8" conditionals="0" coveredconditionals="0" statements="53" coveredstatements="53" elements="61" coveredelements="61"/>
      </class>
      <line num="33" type="method" name="__construct" visibility="public" complexity="1" crap="1" count="3"/>
      <line num="36" type="stmt" count="3"/>
      <line num="38" type="stmt" count="3"/>
      <line num="39" type="stmt" count="3"/>
      <line num="41" type="method" name="configure" visibility="protected" complexity="1" crap="1" count="3"/>
      <line num="44" type="stmt" count="3"/>
      <line num="45" type="stmt" count="3"/>
      <line num="47" type="stmt" count="3"/>
      <line num="49" type="method" name="execute" visibility="protected" complexity="2" crap="2" count="3"/>
      <line num="52" type="stmt" count="3"/>
      <line num="53" type="stmt" count="3"/>
      <line num="54" type="stmt" count="1"/>
      <line num="55" type="stmt" count="1"/>
      <line num="57" type="stmt" count="3"/>
      <line num="65" type="method" name="showInstalledFieldTypes" visibility="private" complexity="1" crap="1" count="3"/>
      <line num="67" type="stmt" count="3"/>
      <line num="69" type="stmt" count="3"/>
      <line num="70" type="stmt" count="3"/>
      <line num="71" type="stmt" count="2"/>
      <line num="79" type="method" name="getFieldType" visibility="private" complexity="3" crap="3" count="3"/>
      <line num="81" type="stmt" count="3"/>
      <line num="82" type="stmt" count="3"/>
      <line num="84" type="stmt" count="3"/>
      <line num="85" type="stmt" count="1"/>
      <line num="86" type="stmt" count="1"/>
      <line num="88" type="stmt" count="3"/>
      <line num="90" type="stmt" count="3"/>
      <line num="91" type="stmt" count="3"/>
      <line num="92" type="stmt" count="1"/>
      <line num="94" type="stmt" count="2"/>
      <line num="97" type="method" name="getNamespace" visibility="private" complexity="1" crap="1" count="2"/>
      <line num="102" type="stmt" count="2"/>
      <line num="104" type="stmt" count="2"/>
      <line num="105" type="stmt" count="2"/>
      <line num="107" type="stmt" count="2"/>
      <line num="108" type="stmt" count="2"/>
      <line num="109" type="stmt" count="2"/>
      <line num="111" type="stmt" count="2"/>
      <line num="114" type="method" name="updateWhatRecord" visibility="private" complexity="2" crap="2" count="3"/>
      <line num="116" type="stmt" count="3"/>
      <line num="117" type="stmt" count="2"/>
      <line num="119" type="stmt" count="2"/>
      <line num="121" type="stmt" count="2"/>
      <line num="122" type="stmt" count="2"/>
      <line num="123" type="stmt" count="2"/>
      <line num="126" type="stmt" count="2"/>
      <line num="128" type="stmt" count="2"/>
      <line num="129" type="stmt" count="1"/>
      <line num="130" type="stmt" count="1"/>
      <line num="133" type="stmt" count="1"/>
      <line num="134" type="stmt" count="1"/>
      <line num="136" type="method" name="updateRecord" visibility="private" complexity="1" crap="1" count="1"/>
      <line num="142" type="stmt" count="1"/>
      <line num="143" type="stmt" count="1"/>
      <line num="144" type="stmt" count="1"/>
      <line num="145" type="stmt" count="1"/>
      <line num="146" type="stmt" count="1"/>
      <line num="147" type="stmt" count="1"/>
      <line num="148" type="stmt" count="1"/>
      <line num="151" type="stmt" count="1"/>
      <line num="152" type="stmt" count="1"/>
      <metrics loc="153" ncloc="134" classes="1" methods="8" coveredmethods="8" conditionals="0" coveredconditionals="0" statements="53" coveredstatements="53" elements="61" coveredelements="61"/>
    </file>
    <file name="/Users/Dion/www/sexy-field/sexy-field/src/Command/UpdateLanguageCommand.php">
      <class name="Tardigrades\Command\UpdateLanguageCommand" namespace="global">
        <metrics complexity="4" methods="3" coveredmethods="2" conditionals="0" coveredconditionals="0" statements="15" coveredstatements="14" elements="18" coveredelements="16"/>
      </class>
      <line num="27" type="method" name="__construct" visibility="public" complexity="1" crap="1" count="2"/>
      <line num="30" type="stmt" count="2"/>
      <line num="32" type="stmt" count="2"/>
      <line num="33" type="stmt" count="2"/>
      <line num="35" type="method" name="configure" visibility="protected" complexity="1" crap="1" count="2"/>
      <line num="39" type="stmt" count="2"/>
      <line num="40" type="stmt" count="2"/>
      <line num="41" type="stmt" count="2"/>
      <line num="44" type="stmt" count="2"/>
      <line num="46" type="method" name="execute" visibility="protected" complexity="2" crap="2.01" count="2"/>
      <line num="49" type="stmt" count="2"/>
      <line num="50" type="stmt" count="0"/>
      <line num="51" type="stmt" count="2"/>
      <line num="54" type="stmt" count="1"/>
      <line num="55" type="stmt" count="1"/>
      <line num="56" type="stmt" count="1"/>
      <line num="59" type="stmt" count="2"/>
      <line num="61" type="stmt" count="2"/>
      <metrics loc="63" ncloc="53" classes="1" methods="3" coveredmethods="2" conditionals="0" coveredconditionals="0" statements="15" coveredstatements="14" elements="18" coveredelements="16"/>
    </file>
    <file name="/Users/Dion/www/sexy-field/sexy-field/src/Command/UpdateSectionCommand.php">
      <class name="Tardigrades\Command\UpdateSectionCommand" namespace="global">
        <metrics complexity="19" methods="6" coveredmethods="4" conditionals="0" coveredconditionals="0" statements="73" coveredstatements="69" elements="79" coveredelements="73"/>
      </class>
      <line num="31" type="method" name="__construct" visibility="public" complexity="1" crap="1" count="6"/>
      <line num="34" type="stmt" count="6"/>
      <line num="35" type="stmt" count="6"/>
      <line num="37" type="method" name="configure" visibility="protected" complexity="1" crap="1" count="6"/>
      <line num="41" type="stmt" count="6"/>
      <line num="42" type="stmt" count="6"/>
      <line num="43" type="stmt" count="6"/>
      <line num="57" type="stmt" count="6"/>
      <line num="58" type="stmt" count="6"/>
      <line num="59" type="stmt" count="6"/>
      <line num="60" type="stmt" count="6"/>
      <line num="61" type="stmt" count="6"/>
      <line num="62" type="stmt" count="6"/>
      <line num="64" type="stmt" count="6"/>
      <line num="65" type="stmt" count="6"/>
      <line num="66" type="stmt" count="6"/>
      <line num="67" type="stmt" count="6"/>
      <line num="68" type="stmt" count="6"/>
      <line num="70" type="stmt" count="6"/>
      <line num="71" type="stmt" count="6"/>
      <line num="72" type="stmt" count="6"/>
      <line num="73" type="stmt" count="6"/>
      <line num="74" type="stmt" count="6"/>
      <line num="78" type="stmt" count="6"/>
      <line num="80" type="method" name="execute" visibility="protected" complexity="2" crap="2" count="6"/>
      <line num="83" type="stmt" count="6"/>
      <line num="84" type="stmt" count="6"/>
      <line num="85" type="stmt" count="1"/>
      <line num="86" type="stmt" count="1"/>
      <line num="88" type="stmt" count="6"/>
      <line num="96" type="method" name="showInstalledSections" visibility="private" complexity="2" crap="2" count="6"/>
      <line num="98" type="stmt" count="6"/>
      <line num="99" type="stmt" count="4"/>
      <line num="101" type="stmt" count="6"/>
      <line num="102" type="stmt" count="5"/>
      <line num="104" type="method" name="getConfig" visibility="private" complexity="2" crap="2.01" count="6"/>
      <line num="107" type="stmt" count="6"/>
      <line num="108" type="stmt" count="6"/>
      <line num="109" type="stmt" count="0"/>
      <line num="110" type="stmt" count="6"/>
      <line num="113" type="stmt" count="5"/>
      <line num="114" type="stmt" count="1"/>
      <line num="115" type="stmt" count="1"/>
      <line num="116" type="stmt" count="1"/>
      <line num="120" type="method" name="updateWhatRecord" visibility="private" complexity="11" crap="11.08" count="6"/>
      <line num="122" type="stmt" count="6"/>
      <line num="123" type="stmt" count="1"/>
      <line num="127" type="stmt" count="5"/>
      <line num="128" type="stmt" count="3"/>
      <line num="129" type="stmt" count="1"/>
      <line num="130" type="stmt" count="1"/>
      <line num="131" type="stmt" count="1"/>
      <line num="134" type="stmt" count="1"/>
      <line num="135" type="stmt" count="0"/>
      <line num="136" type="stmt" count="3"/>
      <line num="139" type="stmt" count="2"/>
      <line num="140" type="stmt" count="2"/>
      <line num="141" type="stmt" count="2"/>
      <line num="142" type="stmt" count="2"/>
      <line num="143" type="stmt" count="2"/>
      <line num="146" type="stmt" count="2"/>
      <line num="147" type="stmt" count="2"/>
      <line num="148" type="stmt" count="2"/>
      <line num="151" type="stmt" count="2"/>
      <line num="152" type="stmt" count="0"/>
      <line num="153" type="stmt" count="0"/>
      <line num="156" type="stmt" count="2"/>
      <line num="159" type="stmt" count="4"/>
      <line num="160" type="stmt" count="4"/>
      <line num="162" type="stmt" count="4"/>
      <line num="163" type="stmt" count="2"/>
      <line num="175" type="stmt" count="4"/>
      <line num="176" type="stmt" count="1"/>
      <line num="179" type="stmt" count="4"/>
      <line num="180" type="stmt" count="4"/>
      <line num="181" type="stmt" count="2"/>
      <line num="183" type="stmt" count="2"/>
      <line num="185" type="stmt" count="2"/>
      <line num="188" type="stmt" count="4"/>
      <metrics loc="189" ncloc="165" classes="1" methods="6" coveredmethods="4" conditionals="0" coveredconditionals="0" statements="73" coveredstatements="69" elements="79" coveredelements="73"/>
    </file>
    <file name="/Users/Dion/www/sexy-field/sexy-field/src/Command/UpdateSectionsCommand.php">
      <class name="Tardigrades\Command\UpdateSectionsCommand" namespace="global">
        <metrics complexity="8" methods="4" coveredmethods="3" conditionals="0" coveredconditionals="0" statements="33" coveredstatements="32" elements="37" coveredelements="35"/>
      </class>
      <line num="27" type="method" name="__construct" visibility="public" complexity="1" crap="1" count="4"/>
      <line num="30" type="stmt" count="4"/>
      <line num="31" type="stmt" count="4"/>
      <line num="33" type="method" name="configure" visibility="protected" complexity="1" crap="1" count="4"/>
      <line num="37" type="stmt" count="4"/>
      <line num="38" type="stmt" count="4"/>
      <line num="39" type="stmt" count="4"/>
      <line num="42" type="stmt" count="4"/>
      <line num="44" type="method" name="execute" visibility="protected" complexity="2" crap="2" count="4"/>
      <line num="47" type="stmt" count="4"/>
      <line num="48" type="stmt" count="4"/>
      <line num="49" type="stmt" count="4"/>
      <line num="50" type="stmt" count="1"/>
      <line num="51" type="stmt" count="1"/>
      <line num="53" type="stmt" count="4"/>
      <line num="56" type="method" name="updateWhatRecord" visibility="private" complexity="4" crap="4" count="4"/>
      <line num="58" type="stmt" count="4"/>
      <line num="61" type="stmt" count="3"/>
      <line num="62" type="stmt" count="1"/>
      <line num="63" type="stmt" count="1"/>
      <line num="66" type="stmt" count="2"/>
      <line num="68" type="stmt" count="2"/>
      <line num="70" type="stmt" count="2"/>
      <line num="71" type="stmt" count="0"/>
      <line num="72" type="stmt" count="2"/>
      <line num="76" type="stmt" count="1"/>
      <line num="77" type="stmt" count="1"/>
      <line num="79" type="stmt" count="1"/>
      <line num="80" type="stmt" count="1"/>
      <line num="81" type="stmt" count="1"/>
      <line num="85" type="stmt" count="1"/>
      <line num="86" type="stmt" count="1"/>
      <line num="87" type="stmt" count="1"/>
      <line num="88" type="stmt" count="1"/>
      <line num="91" type="stmt" count="1"/>
      <line num="92" type="stmt" count="1"/>
      <line num="94" type="stmt" count="1"/>
      <metrics loc="95" ncloc="84" classes="1" methods="4" coveredmethods="3" conditionals="0" coveredconditionals="0" statements="33" coveredstatements="32" elements="37" coveredelements="35"/>
    </file>
    <file name="/Users/Dion/www/sexy-field/sexy-field/src/DependencyInjection/SexyFieldExtension.php">
      <class name="Tardigrades\DependencyInjection\SexyFieldExtension" namespace="global">
        <metrics complexity="1" methods="1" coveredmethods="0" conditionals="0" coveredconditionals="0" statements="3" coveredstatements="0" elements="4" coveredelements="0"/>
      </class>
      <line num="23" type="method" name="load" visibility="public" complexity="1" crap="2" count="0"/>
      <line num="25" type="stmt" count="0"/>
      <line num="32" type="stmt" count="0"/>
      <line num="33" type="stmt" count="0"/>
      <metrics loc="35" ncloc="27" classes="1" methods="1" coveredmethods="0" conditionals="0" coveredconditionals="0" statements="3" coveredstatements="0" elements="4" coveredelements="0"/>
    </file>
    <file name="/Users/Dion/www/sexy-field/sexy-field/src/Entity/Application.php">
      <class name="Tardigrades\Entity\Application" namespace="global">
        <metrics complexity="33" methods="22" coveredmethods="22" conditionals="0" coveredconditionals="0" statements="44" coveredstatements="44" elements="66" coveredelements="66"/>
      </class>
      <line num="47" type="method" name="__construct" visibility="public" complexity="3" crap="3" count="19"/>
      <line num="51" type="stmt" count="19"/>
      <line num="52" type="stmt" count="19"/>
      <line num="53" type="stmt" count="19"/>
      <line num="55" type="method" name="setId" visibility="public" complexity="1" crap="1" count="1"/>
      <line num="57" type="stmt" count="1"/>
      <line num="59" type="stmt" count="1"/>
      <line num="62" type="method" name="getId" visibility="public" complexity="1" crap="1" count="2"/>
      <line num="64" type="stmt" count="2"/>
      <line num="67" type="method" name="getIdValueObject" visibility="public" complexity="2" crap="2" count="1"/>
      <line num="69" type="stmt" count="1"/>
      <line num="72" type="method" name="setName" visibility="public" complexity="1" crap="1" count="1"/>
      <line num="74" type="stmt" count="1"/>
      <line num="76" type="stmt" count="1"/>
      <line num="79" type="method" name="getName" visibility="public" complexity="1" crap="1" count="1"/>
      <line num="81" type="stmt" count="1"/>
      <line num="84" type="method" name="setHandle" visibility="public" complexity="1" crap="1" count="1"/>
      <line num="86" type="stmt" count="1"/>
      <line num="88" type="stmt" count="1"/>
      <line num="91" type="method" name="getHandle" visibility="public" complexity="1" crap="1" count="1"/>
      <line num="93" type="stmt" count="1"/>
      <line num="96" type="method" name="getLanguages" visibility="public" complexity="1" crap="1" count="3"/>
      <line num="98" type="stmt" count="3"/>
      <line num="101" type="method" name="addLanguage" visibility="public" complexity="2" crap="2" count="3"/>
      <line num="103" type="stmt" count="3"/>
      <line num="104" type="stmt" count="1"/>
      <line num="106" type="stmt" count="3"/>
      <line num="108" type="stmt" count="3"/>
      <line num="111" type="method" name="removeLanguage" visibility="public" complexity="2" crap="2" count="2"/>
      <line num="113" type="stmt" count="2"/>
      <line num="114" type="stmt" count="1"/>
      <line num="116" type="stmt" count="1"/>
      <line num="118" type="stmt" count="1"/>
      <line num="121" type="method" name="getSections" visibility="public" complexity="1" crap="1" count="3"/>
      <line num="123" type="stmt" count="3"/>
      <line num="126" type="method" name="addSection" visibility="public" complexity="2" crap="2" count="3"/>
      <line num="128" type="stmt" count="3"/>
      <line num="129" type="stmt" count="1"/>
      <line num="131" type="stmt" count="3"/>
      <line num="133" type="stmt" count="3"/>
      <line num="136" type="method" name="removeSection" visibility="public" complexity="2" crap="2" count="2"/>
      <line num="138" type="stmt" count="2"/>
      <line num="139" type="stmt" count="1"/>
      <line num="141" type="stmt" count="1"/>
      <line num="143" type="stmt" count="1"/>
      <line num="146" type="method" name="setCreated" visibility="public" complexity="1" crap="1" count="1"/>
      <line num="148" type="stmt" count="1"/>
      <line num="150" type="stmt" count="1"/>
      <line num="153" type="method" name="getCreated" visibility="public" complexity="2" crap="2" count="1"/>
      <line num="155" type="stmt" count="1"/>
      <line num="158" type="method" name="getCreatedValueObject" visibility="public" complexity="2" crap="2" count="1"/>
      <line num="160" type="stmt" count="1"/>
      <line num="163" type="method" name="setUpdated" visibility="public" complexity="1" crap="1" count="1"/>
      <line num="165" type="stmt" count="1"/>
      <line num="167" type="stmt" count="1"/>
      <line num="170" type="method" name="getUpdated" visibility="public" complexity="2" crap="2" count="1"/>
      <line num="172" type="stmt" count="1"/>
      <line num="175" type="method" name="getUpdatedValueObject" visibility="public" complexity="2" crap="2" count="1"/>
      <line num="177" type="stmt" count="1"/>
      <line num="180" type="method" name="onPrePersist" visibility="public" complexity="1" crap="1" count="1"/>
      <line num="182" type="stmt" count="1"/>
      <line num="183" type="stmt" count="1"/>
      <line num="184" type="stmt" count="1"/>
      <line num="186" type="method" name="onPreUpdate" visibility="public" complexity="1" crap="1" count="1"/>
      <line num="188" type="stmt" count="1"/>
      <line num="189" type="stmt" count="1"/>
      <metrics loc="190" ncloc="175" classes="1" methods="22" coveredmethods="22" conditionals="0" coveredconditionals="0" statements="44" coveredstatements="44" elements="66" coveredelements="66"/>
    </file>
    <file name="/Users/Dion/www/sexy-field/sexy-field/src/Entity/ApplicationInterface.php">
      <metrics loc="46" ncloc="38" classes="0" methods="0" coveredmethods="0" conditionals="0" coveredconditionals="0" statements="0" coveredstatements="0" elements="0" coveredelements="0"/>
    </file>
    <file name="/Users/Dion/www/sexy-field/sexy-field/src/Entity/Field.php">
      <class name="Tardigrades\Entity\Field" namespace="global">
        <metrics complexity="27" methods="24" coveredmethods="24" conditionals="0" coveredconditionals="0" statements="44" coveredstatements="44" elements="68" coveredelements="68"/>
      </class>
      <line num="51" type="method" name="__construct" visibility="public" complexity="2" crap="2" count="23"/>
      <line num="54" type="stmt" count="23"/>
      <line num="55" type="stmt" count="23"/>
      <line num="57" type="method" name="getId" visibility="public" complexity="1" crap="1" count="2"/>
      <line num="59" type="stmt" count="2"/>
      <line num="62" type="method" name="setId" visibility="public" complexity="1" crap="1" count="1"/>
      <line num="64" type="stmt" count="1"/>
      <line num="66" type="stmt" count="1"/>
      <line num="69" type="method" name="getName" visibility="public" complexity="1" crap="1" count="1"/>
      <line num="71" type="stmt" count="1"/>
      <line num="74" type="method" name="setName" visibility="public" complexity="1" crap="1" count="1"/>
      <line num="76" type="stmt" count="1"/>
      <line num="78" type="stmt" count="1"/>
      <line num="81" type="method" name="setHandle" visibility="public" complexity="1" crap="1" count="1"/>
      <line num="83" type="stmt" count="1"/>
      <line num="85" type="stmt" count="1"/>
      <line num="88" type="method" name="getHandle" visibility="public" complexity="1" crap="1" count="1"/>
[...]
      <line num="139" type="stmt" count="1"/>
      <line num="142" type="method" name="fromArray" visibility="public" complexity="1" crap="1" count="17"/>
      <line num="144" type="stmt" count="17"/>
      <metrics loc="146" ncloc="137" classes="1" methods="16" coveredmethods="16" conditionals="0" coveredconditionals="0" statements="49" coveredstatements="49" elements="65" coveredelements="65"/>
    </file>
    <file name="/Users/Dion/www/sexy-field/sexy-field/src/SectionField/ValueObject/SectionFormOptions.php">
      <class name="Tardigrades\SectionField\ValueObject\SectionFormOptions" namespace="global">
        <metrics complexity="5" methods="5" coveredmethods="5" conditionals="0" coveredconditionals="0" statements="13" coveredstatements="13" elements="18" coveredelements="18"/>
      </class>
      <line num="23" type="method" name="__construct" visibility="private" complexity="1" crap="1" count="9"/>
      <line num="25" type="stmt" count="9"/>
      <line num="26" type="stmt" count="9"/>
      <line num="28" type="method" name="getId" visibility="public" complexity="1" crap="1" count="3"/>
      <line num="30" type="stmt" count="3"/>
      <line num="31" type="stmt" count="2"/>
      <line num="33" type="stmt" count="1"/>
      <line num="36" type="method" name="getSlug" visibility="public" complexity="1" crap="1" count="4"/>
      <line num="38" type="stmt" count="4"/>
      <line num="39" type="stmt" count="3"/>
      <line num="40" type="stmt" count="2"/>
      <line num="42" type="stmt" count="1"/>
      <line num="45" type="method" name="getRedirect" visibility="public" complexity="1" crap="1" count="3"/>
      <line num="47" type="stmt" count="3"/>
      <line num="48" type="stmt" count="2"/>
      <line num="50" type="stmt" count="1"/>
      <line num="53" type="method" name="fromArray" visibility="public" complexity="1" crap="1" count="9"/>
      <line num="55" type="stmt" count="9"/>
      <metrics loc="57" ncloc="48" classes="1" methods="5" coveredmethods="5" conditionals="0" coveredconditionals="0" statements="13" coveredstatements="13" elements="18" coveredelements="18"/>
    </file>
    <file name="/Users/Dion/www/sexy-field/sexy-field/src/SectionField/ValueObject/SectionNamespace.php">
      <class name="Tardigrades\SectionField\ValueObject\SectionNamespace" namespace="global">
        <metrics complexity="3" methods="3" coveredmethods="3" conditionals="0" coveredconditionals="0" statements="4" coveredstatements="4" elements="7" coveredelements="7"/>
      </class>
      <line num="21" type="method" name="__construct" visibility="private" complexity="1" crap="1" count="2"/>
      <line num="23" type="stmt" count="2"/>
      <line num="24" type="stmt" count="2"/>
      <line num="26" type="method" name="__toString" visibility="public" complexity="1" crap="1" count="1"/>
      <line num="28" type="stmt" count="1"/>
      <line num="31" type="method" name="fromString" visibility="public" complexity="1" crap="1" count="1"/>
      <line num="33" type="stmt" count="1"/>
      <metrics loc="35" ncloc="26" classes="1" methods="3" coveredmethods="3" conditionals="0" coveredconditionals="0" statements="4" coveredstatements="4" elements="7" coveredelements="7"/>
    </file>
    <file name="/Users/Dion/www/sexy-field/sexy-field/src/SectionField/ValueObject/Slug.php">
      <class name="Tardigrades\SectionField\ValueObject\Slug" namespace="global">
        <metrics complexity="5" methods="5" coveredmethods="5" conditionals="0" coveredconditionals="0" statements="7" coveredstatements="7" elements="12" coveredelements="12"/>
      </class>
      <line num="23" type="method" name="__construct" visibility="public" complexity="1" crap="1" count="3"/>
      <line num="25" type="stmt" count="3"/>
      <line num="27" type="stmt" count="2"/>
      <line num="28" type="stmt" count="2"/>
      <line num="30" type="method" name="toArray" visibility="public" complexity="1" crap="1" count="1"/>
      <line num="32" type="stmt" count="1"/>
      <line num="35" type="method" name="__toString" visibility="public" complexity="1" crap="1" count="2"/>
      <line num="37" type="stmt" count="2"/>
      <line num="40" type="method" name="create" visibility="public" complexity="1" crap="1" count="2"/>
      <line num="42" type="stmt" count="2"/>
      <line num="45" type="method" name="fromString" visibility="public" complexity="1" crap="1" count="1"/>
      <line num="47" type="stmt" count="1"/>
      <metrics loc="49" ncloc="40" classes="1" methods="5" coveredmethods="5" conditionals="0" coveredconditionals="0" statements="7" coveredstatements="7" elements="12" coveredelements="12"/>
    </file>
    <file name="/Users/Dion/www/sexy-field/sexy-field/src/SectionField/ValueObject/SlugField.php">
      <class name="Tardigrades\SectionField\ValueObject\SlugField" namespace="global">
        <metrics complexity="3" methods="3" coveredmethods="3" conditionals="0" coveredconditionals="0" statements="5" coveredstatements="5" elements="8" coveredelements="8"/>
      </class>
      <line num="23" type="method" name="__construct" visibility="private" complexity="1" crap="1" count="2"/>
      <line num="25" type="stmt" count="2"/>
      <line num="27" type="stmt" count="1"/>
      <line num="28" type="stmt" count="1"/>
      <line num="30" type="method" name="__toString" visibility="public" complexity="1" crap="1" count="1"/>
      <line num="32" type="stmt" count="1"/>
      <line num="35" type="method" name="fromString" visibility="public" complexity="1" crap="1" count="2"/>
      <line num="37" type="stmt" count="2"/>
      <metrics loc="39" ncloc="30" classes="1" methods="3" coveredmethods="3" conditionals="0" coveredconditionals="0" statements="5" coveredstatements="5" elements="8" coveredelements="8"/>
    </file>
    <file name="/Users/Dion/www/sexy-field/sexy-field/src/SectionField/ValueObject/Sort.php">
      <class name="Tardigrades\SectionField\ValueObject\Sort" namespace="global">
        <metrics complexity="3" methods="3" coveredmethods="3" conditionals="0" coveredconditionals="0" statements="5" coveredstatements="5" elements="8" coveredelements="8"/>
      </class>
      <line num="26" type="method" name="__construct" visibility="private" complexity="1" crap="1" count="4"/>
      <line num="28" type="stmt" count="4"/>
      <line num="30" type="stmt" count="1"/>
      <line num="31" type="stmt" count="1"/>
      <line num="33" type="method" name="__toString" visibility="public" complexity="1" crap="1" count="1"/>
      <line num="35" type="stmt" count="1"/>
      <line num="38" type="method" name="fromString" visibility="public" complexity="1" crap="1" count="4"/>
      <line num="40" type="stmt" count="4"/>
      <metrics loc="42" ncloc="33" classes="1" methods="3" coveredmethods="3" conditionals="0" coveredconditionals="0" statements="5" coveredstatements="5" elements="8" coveredelements="8"/>
    </file>
    <file name="/Users/Dion/www/sexy-field/sexy-field/src/SectionField/ValueObject/Text.php">
      <class name="Tardigrades\SectionField\ValueObject\Text" namespace="global">
        <metrics complexity="3" methods="3" coveredmethods="3" conditionals="0" coveredconditionals="0" statements="5" coveredstatements="5" elements="8" coveredelements="8"/>
      </class>
      <line num="23" type="method" name="__construct" visibility="private" complexity="1" crap="1" count="3"/>
      <line num="25" type="stmt" count="3"/>
      <line num="26" type="stmt" count="2"/>
      <line num="27" type="stmt" count="2"/>
      <line num="29" type="method" name="__toString" visibility="public" complexity="1" crap="1" count="1"/>
      <line num="31" type="stmt" count="1"/>
      <line num="34" type="method" name="fromString" visibility="public" complexity="1" crap="1" count="2"/>
      <line num="36" type="stmt" count="2"/>
      <metrics loc="38" ncloc="29" classes="1" methods="3" coveredmethods="3" conditionals="0" coveredconditionals="0" statements="5" coveredstatements="5" elements="8" coveredelements="8"/>
    </file>
    <file name="/Users/Dion/www/sexy-field/sexy-field/src/SectionField/ValueObject/Trigger.php">
      <class name="Tardigrades\SectionField\ValueObject\Trigger" namespace="global">
        <metrics complexity="6" methods="6" coveredmethods="0" conditionals="0" coveredconditionals="0" statements="8" coveredstatements="0" elements="14" coveredelements="0"/>
      </class>
      <line num="29" type="method" name="__construct" visibility="private" complexity="1" crap="2" count="0"/>
      <line num="34" type="stmt" count="0"/>
      <line num="35" type="stmt" count="0"/>
      <line num="36" type="stmt" count="0"/>
      <line num="39" type="method" name="getName" visibility="public" complexity="1" crap="2" count="0"/>
      <line num="41" type="stmt" count="0"/>
      <line num="44" type="method" name="getService" visibility="public" complexity="1" crap="2" count="0"/>
      <line num="46" type="stmt" count="0"/>
      <line num="49" type="method" name="getEntry" visibility="public" complexity="1" crap="2" count="0"/>
      <line num="51" type="stmt" count="0"/>
      <line num="54" type="method" name="__toString" visibility="public" complexity="1" crap="2" count="0"/>
      <line num="56" type="stmt" count="0"/>
      <line num="59" type="method" name="fromNameAndService" visibility="public" complexity="1" crap="2" count="0"/>
      <line num="64" type="stmt" count="0"/>
      <metrics loc="66" ncloc="55" classes="1" methods="6" coveredmethods="0" conditionals="0" coveredconditionals="0" statements="8" coveredstatements="0" elements="14" coveredelements="0"/>
    </file>
    <file name="/Users/Dion/www/sexy-field/sexy-field/src/SectionField/ValueObject/Type.php">
      <class name="Tardigrades\SectionField\ValueObject\Type" namespace="global">
        <metrics complexity="3" methods="3" coveredmethods="3" conditionals="0" coveredconditionals="0" statements="4" coveredstatements="4" elements="7" coveredelements="7"/>
      </class>
      <line num="25" type="method" name="__construct" visibility="private" complexity="1" crap="1" count="1"/>
      <line num="27" type="stmt" count="1"/>
      <line num="28" type="stmt" count="1"/>
      <line num="30" type="method" name="__toString" visibility="public" complexity="1" crap="1" count="1"/>
      <line num="32" type="stmt" count="1"/>
      <line num="35" type="method" name="fromString" visibility="public" complexity="1" crap="1" count="1"/>
      <line num="37" type="stmt" count="1"/>
      <metrics loc="39" ncloc="28" classes="1" methods="3" coveredmethods="3" conditionals="0" coveredconditionals="0" statements="4" coveredstatements="4" elements="7" coveredelements="7"/>
    </file>
    <file name="/Users/Dion/www/sexy-field/sexy-field/src/SectionField/ValueObject/Updated.php">
      <class name="Tardigrades\SectionField\ValueObject\Updated" namespace="global">
        <metrics complexity="4" methods="4" coveredmethods="4" conditionals="0" coveredconditionals="0" statements="5" coveredstatements="5" elements="9" coveredelements="9"/>
      </class>
      <line num="21" type="method" name="__construct" visibility="private" complexity="1" crap="1" count="1"/>
      <line num="23" type="stmt" count="1"/>
      <line num="24" type="stmt" count="1"/>
      <line num="26" type="method" name="__toString" visibility="public" complexity="1" crap="1" count="1"/>
      <line num="28" type="stmt" count="1"/>
      <line num="31" type="method" name="getDateTime" visibility="public" complexity="1" crap="1" count="1"/>
      <line num="33" type="stmt" count="1"/>
      <line num="36" type="method" name="fromDateTime" visibility="public" complexity="1" crap="1" count="1"/>
      <line num="38" type="stmt" count="1"/>
      <metrics loc="40" ncloc="31" classes="1" methods="4" coveredmethods="4" conditionals="0" coveredconditionals="0" statements="5" coveredstatements="5" elements="9" coveredelements="9"/>
    </file>
    <file name="/Users/Dion/www/sexy-field/sexy-field/src/SectionField/ValueObject/UpdatedField.php">
      <class name="Tardigrades\SectionField\ValueObject\UpdatedField" namespace="global">
        <metrics complexity="3" methods="3" coveredmethods="3" conditionals="0" coveredconditionals="0" statements="5" coveredstatements="5" elements="8" coveredelements="8"/>
      </class>
      <line num="23" type="method" name="__construct" visibility="private" complexity="1" crap="1" count="2"/>
      <line num="25" type="stmt" count="2"/>
      <line num="27" type="stmt" count="1"/>
      <line num="28" type="stmt" count="1"/>
      <line num="30" type="method" name="__toString" visibility="public" complexity="1" crap="1" count="1"/>
      <line num="32" type="stmt" count="1"/>
      <line num="35" type="method" name="fromString" visibility="public" complexity="1" crap="1" count="2"/>
      <line num="37" type="stmt" count="2"/>
      <metrics loc="39" ncloc="30" classes="1" methods="3" coveredmethods="3" conditionals="0" coveredconditionals="0" statements="5" coveredstatements="5" elements="8" coveredelements="8"/>
    </file>
    <file name="/Users/Dion/www/sexy-field/sexy-field/src/SectionField/ValueObject/Version.php">
      <class name="Tardigrades\SectionField\ValueObject\Version" namespace="global">
        <metrics complexity="4" methods="4" coveredmethods="4" conditionals="0" coveredconditionals="0" statements="5" coveredstatements="5" elements="9" coveredelements="9"/>
      </class>
      <line num="21" type="method" name="__construct" visibility="private" complexity="1" crap="1" count="1"/>
      <line num="23" type="stmt" count="1"/>
      <line num="24" type="stmt" count="1"/>
      <line num="26" type="method" name="__toString" visibility="public" complexity="1" crap="1" count="1"/>
      <line num="28" type="stmt" count="1"/>
      <line num="31" type="method" name="toInt" visibility="public" complexity="1" crap="1" count="1"/>
      <line num="33" type="stmt" count="1"/>
      <line num="36" type="method" name="fromInt" visibility="public" complexity="1" crap="1" count="1"/>
      <line num="38" type="stmt" count="1"/>
      <metrics loc="40" ncloc="31" classes="1" methods="4" coveredmethods="4" conditionals="0" coveredconditionals="0" statements="5" coveredstatements="5" elements="9" coveredelements="9"/>
    </file>
    <file name="/Users/Dion/www/sexy-field/sexy-field/src/SectionField/ValueObject/Versioned.php">
      <class name="Tardigrades\SectionField\ValueObject\Versioned" namespace="global">
        <metrics complexity="4" methods="4" coveredmethods="4" conditionals="0" coveredconditionals="0" statements="5" coveredstatements="5" elements="9" coveredelements="9"/>
      </class>
      <line num="21" type="method" name="__construct" visibility="private" complexity="1" crap="1" count="1"/>
      <line num="23" type="stmt" count="1"/>
      <line num="24" type="stmt" count="1"/>
      <line num="26" type="method" name="__toString" visibility="public" complexity="1" crap="1" count="1"/>
      <line num="28" type="stmt" count="1"/>
      <line num="31" type="method" name="getDateTime" visibility="public" complexity="1" crap="1" count="1"/>
      <line num="33" type="stmt" count="1"/>
      <line num="36" type="method" name="fromDateTime" visibility="public" complexity="1" crap="1" count="1"/>
      <line num="38" type="stmt" count="1"/>
      <metrics loc="40" ncloc="31" classes="1" methods="4" coveredmethods="4" conditionals="0" coveredconditionals="0" statements="5" coveredstatements="5" elements="9" coveredelements="9"/>
    </file>
    <file name="/Users/Dion/www/sexy-field/sexy-field/src/Twig/SectionTwigExtension.php">
      <class name="Tardigrades\Twig\SectionTwigExtension" namespace="global">
        <metrics complexity="18" methods="16" coveredmethods="0" conditionals="0" coveredconditionals="0" statements="39" coveredstatements="0" elements="55" coveredelements="0"/>
      </class>
      <line num="33" type="method" name="__construct" visibility="public" complexity="1" crap="2" count="0"/>
      <line num="35" type="stmt" count="0"/>
      <line num="38" type="method" name="getFunctions" visibility="public" complexity="1" crap="2" count="0"/>
      <line num="40" type="stmt" count="0"/>
      <line num="56" type="method" name="section" visibility="public" complexity="1" crap="2" count="0"/>
      <line num="58" type="stmt" count="0"/>
      <line num="60" type="stmt" count="0"/>
      <line num="69" type="method" name="limit" visibility="public" complexity="1" crap="2" count="0"/>
      <line num="71" type="stmt" count="0"/>
      <line num="73" type="stmt" count="0"/>
      <line num="82" type="method" name="offset" visibility="public" complexity="1" crap="2" count="0"/>
      <line num="84" type="stmt" count="0"/>
      <line num="86" type="stmt" count="0"/>
      <line num="95" type="method" name="orderBy" visibility="public" complexity="1" crap="2" count="0"/>
      <line num="97" type="stmt" count="0"/>
      <line num="99" type="stmt" count="0"/>
      <line num="110" type="method" name="sort" visibility="public" complexity="1" crap="2" count="0"/>
      <line num="112" type="stmt" count="0"/>
      <line num="114" type="stmt" count="0"/>
      <line num="123" type="method" name="before" visibility="public" complexity="1" crap="2" count="0"/>
      <line num="125" type="stmt" count="0"/>
      <line num="127" type="stmt" count="0"/>
      <line num="136" type="method" name="after" visibility="public" complexity="1" crap="2" count="0"/>
      <line num="138" type="stmt" count="0"/>
      <line num="140" type="stmt" count="0"/>
      <line num="149" type="method" name="localeEnabled" visibility="public" complexity="1" crap="2" count="0"/>
      <line num="151" type="stmt" count="0"/>
      <line num="153" type="stmt" count="0"/>
      <line num="162" type="method" name="locale" visibility="public" complexity="1" crap="2" count="0"/>
      <line num="164" type="stmt" count="0"/>
      <line num="166" type="stmt" count="0"/>
      <line num="175" type="method" name="id" visibility="public" complexity="1" crap="2" count="0"/>
      <line num="177" type="stmt" count="0"/>
      <line num="178" type="stmt" count="0"/>
      <line num="180" type="stmt" count="0"/>
      <line num="189" type="method" name="slug" visibility="public" complexity="1" crap="2" count="0"/>
      <line num="191" type="stmt" count="0"/>
      <line num="192" type="stmt" count="0"/>
      <line num="194" type="stmt" count="0"/>
      <line num="206" type="method" name="search" visibility="public" complexity="1" crap="2" count="0"/>
      <line num="208" type="stmt" count="0"/>
      <line num="210" type="stmt" count="0"/>
      <line num="221" type="method" name="field" visibility="public" complexity="1" crap="2" count="0"/>
      <line num="223" type="stmt" count="0"/>
      <line num="225" type="stmt" count="0"/>
      <line num="232" type="method" name="fetch" visibility="public" complexity="3" crap="12" count="0"/>
      <line num="234" type="stmt" count="0"/>
      <line num="236" type="stmt" count="0"/>
      <line num="237" type="stmt" count="0"/>
      <line num="238" type="stmt" count="0"/>
      <line num="239" type="stmt" count="0"/>
      <line num="240" type="stmt" count="0"/>
      <line num="242" type="stmt" count="0"/>
      <line num="243" type="stmt" count="0"/>
      <line num="246" type="stmt" count="0"/>
      <metrics loc="248" ncloc="143" classes="1" methods="16" coveredmethods="0" conditionals="0" coveredconditionals="0" statements="39" coveredstatements="0" elements="55" coveredelements="0"/>
    </file>
    <metrics files="158" loc="10878" ncloc="8886" classes="132" methods="647" coveredmethods="543" conditionals="0" coveredconditionals="0" statements="2512" coveredstatements="2227" elements="3159" coveredelements="2770"/>
  </project>
</coverage>
